#
# A fatal error has been detected by the Java Runtime Environment:
#
#  SIGSEGV (0xb) at pc=0x00007fff6d19d712, pid=63871, tid=8963
#
# JRE version: OpenJDK Runtime Environment (12.0.1+12) (build 12.0.1+12)
# Java VM: OpenJDK 64-Bit Server VM (12.0.1+12, mixed mode, sharing, tiered, compressed oops, g1 gc, bsd-amd64)
# Problematic frame:
# C  [libsystem_platform.dylib+0x1712]  _platform_strlen+0x12
#
# No core dump will be written. Core dumps have been disabled. To enable core dumping, try "ulimit -c unlimited" before starting Java again
#
# If you would like to submit a bug report, please visit:
#   http://bugreport.java.com/bugreport/crash.jsp
# The crash happened outside the Java Virtual Machine in native code.
# See problematic frame for where to report the bug.
#

---------------  S U M M A R Y ------------

Command Line: -javaagent:/Applications/IntelliJ IDEA.app/Contents/lib/idea_rt.jar=62572:/Applications/IntelliJ IDEA.app/Contents/bin -Dfile.encoding=UTF-8 org.raytracer.ViewKt

Host: MacBookPro15,1 x86_64 2200 MHz, 12 cores, 16G, Darwin 18.5.0
Time: Sun Oct 11 13:13:47 2020 SAST elapsed time: 0 seconds (0d 0h 0m 0s)

---------------  T H R E A D  ---------------

Current thread (0x00007fb356001000):  JavaThread "main" [_thread_in_native, id=8963, stack(0x000070001004f000,0x000070001014f000)]

Stack: [0x000070001004f000,0x000070001014f000],  sp=0x000070001014cf30,  free space=1015k
Native frames: (J=compiled Java code, A=aot compiled Java code, j=interpreted, Vv=VM code, C=native code)
C  [libsystem_platform.dylib+0x1712]  _platform_strlen+0x12
C  [OpenCL+0x1dadc]  clGetSamplerInfo+0x95f
C  [OpenCL+0x1dc01]  clCreateProgramWithBinary+0xd4
C  [libaparapi_x86_646117530971914033767.dylib+0x34da4]  CLHelper::compile(JNIEnv_*, _cl_context*, _cl_device_id**, _jstring**, _jstring**, _jstring**, int*)+0xfc4
C  [libaparapi_x86_646117530971914033767.dylib+0x14198]  Java_com_aparapi_internal_jni_KernelRunnerJNI_buildProgramJNI+0xa8
j  com.aparapi.internal.jni.KernelRunnerJNI.buildProgramJNI(JLjava/lang/String;Ljava/lang/String;)J+0
j  com.aparapi.internal.kernel.KernelRunner.executeInternalInner(Lcom/aparapi/internal/kernel/KernelRunner$ExecutionSettings;)Lcom/aparapi/Kernel;+1393
j  com.aparapi.internal.kernel.KernelRunner.executeInternalOuter(Lcom/aparapi/internal/kernel/KernelRunner$ExecutionSettings;)Lcom/aparapi/Kernel;+2
j  com.aparapi.internal.kernel.KernelRunner.execute(Ljava/lang/String;Lcom/aparapi/Range;I)Lcom/aparapi/Kernel;+78
j  com.aparapi.Kernel.execute(Ljava/lang/String;Lcom/aparapi/Range;I)Lcom/aparapi/Kernel;+7
j  com.aparapi.Kernel.execute(Lcom/aparapi/Range;I)Lcom/aparapi/Kernel;+6
j  com.aparapi.Kernel.execute(Lcom/aparapi/Range;)Lcom/aparapi/Kernel;+3
j  org.raytracer.BatchScene$Companion.batchIsWithinTriangle(Lorg/raytracer/Triangle;[[Lorg/raytracer/Point;Lorg/raytracer/Point;)[[Ljava/lang/Float;+632
j  org.raytracer.Scene.getPixelIntensitiesForTriangle(Lorg/raytracer/Point;[[Lorg/raytracer/Point;Lorg/raytracer/Drawable;)Lkotlin/Pair;+42
j  org.raytracer.Scene.calcPixelIntensities(Lorg/raytracer/Point;[[Lorg/raytracer/Point;)Ljava/util/List;+97
j  org.raytracer.ViewKt.main()V+263
j  org.raytracer.ViewKt.main([Ljava/lang/String;)V+0
v  ~StubRoutines::call_stub
V  [libjvm.dylib+0x3937b9]  JavaCalls::call_helper(JavaValue*, methodHandle const&, JavaCallArguments*, Thread*)+0x285
V  [libjvm.dylib+0x3d2c31]  jni_invoke_static(JNIEnv_*, JavaValue*, _jobject*, JNICallType, _jmethodID*, JNI_ArgumentPusher*, Thread*)+0x11c
V  [libjvm.dylib+0x3d635c]  jni_CallStaticVoidMethod+0x1c9
C  [libjli.dylib+0x4898]  JavaMain+0xab4
C  [libsystem_pthread.dylib+0x32eb]  _pthread_body+0x7e
C  [libsystem_pthread.dylib+0x6249]  _pthread_start+0x42
C  [libsystem_pthread.dylib+0x240d]  thread_start+0xd

Java frames: (J=compiled Java code, j=interpreted, Vv=VM code)
j  com.aparapi.internal.jni.KernelRunnerJNI.buildProgramJNI(JLjava/lang/String;Ljava/lang/String;)J+0
j  com.aparapi.internal.kernel.KernelRunner.executeInternalInner(Lcom/aparapi/internal/kernel/KernelRunner$ExecutionSettings;)Lcom/aparapi/Kernel;+1393
j  com.aparapi.internal.kernel.KernelRunner.executeInternalOuter(Lcom/aparapi/internal/kernel/KernelRunner$ExecutionSettings;)Lcom/aparapi/Kernel;+2
j  com.aparapi.internal.kernel.KernelRunner.execute(Ljava/lang/String;Lcom/aparapi/Range;I)Lcom/aparapi/Kernel;+78
j  com.aparapi.Kernel.execute(Ljava/lang/String;Lcom/aparapi/Range;I)Lcom/aparapi/Kernel;+7
j  com.aparapi.Kernel.execute(Lcom/aparapi/Range;I)Lcom/aparapi/Kernel;+6
j  com.aparapi.Kernel.execute(Lcom/aparapi/Range;)Lcom/aparapi/Kernel;+3
j  org.raytracer.BatchScene$Companion.batchIsWithinTriangle(Lorg/raytracer/Triangle;[[Lorg/raytracer/Point;Lorg/raytracer/Point;)[[Ljava/lang/Float;+632
j  org.raytracer.Scene.getPixelIntensitiesForTriangle(Lorg/raytracer/Point;[[Lorg/raytracer/Point;Lorg/raytracer/Drawable;)Lkotlin/Pair;+42
j  org.raytracer.Scene.calcPixelIntensities(Lorg/raytracer/Point;[[Lorg/raytracer/Point;)Ljava/util/List;+97
j  org.raytracer.ViewKt.main()V+263
j  org.raytracer.ViewKt.main([Ljava/lang/String;)V+0
v  ~StubRoutines::call_stub

siginfo: si_signo: 11 (SIGSEGV), si_code: 1 (SEGV_MAPERR), si_addr: 0x0000000000000000

Register to memory mapping:

RAX=0x0000000000000001 is an unknown value
RBX=0x0 is NULL
RCX=0x0 is NULL
RDX=0x0 is NULL
RSP=0x000070001014cf30 is pointing into the stack for thread: 0x00007fb356001000
RBP=0x000070001014cf30 is pointing into the stack for thread: 0x00007fb356001000
RSI=0x0000000000000001 is an unknown value
RDI=0x0 is NULL
R8 =0x0000000000000001 is an unknown value
R9 =0x0 is NULL
R10=0x00007fb3559000ff points into unknown readable memory: 00
R11=0x0000000000000050 is an unknown value
R12=0x00007fb35592e600 points into unknown readable memory: 00 00 00 00 00 00 00 00
R13=0x0000000000000001 is an unknown value
R14=0x0 is NULL
R15=0x000070001014cf48 is pointing into the stack for thread: 0x00007fb356001000


Registers:
RAX=0x0000000000000001, RBX=0x0000000000000000, RCX=0x0000000000000000, RDX=0x0000000000000000
RSP=0x000070001014cf30, RBP=0x000070001014cf30, RSI=0x0000000000000001, RDI=0x0000000000000000
R8 =0x0000000000000001, R9 =0x0000000000000000, R10=0x00007fb3559000ff, R11=0x0000000000000050
R12=0x00007fb35592e600, R13=0x0000000000000001, R14=0x0000000000000000, R15=0x000070001014cf48
RIP=0x00007fff6d19d712, EFLAGS=0x0000000000010246, ERR=0x0000000000000004
  TRAPNO=0x000000000000000e

Top of Stack: (sp=0x000070001014cf30)
0x000070001014cf30:   000070001014d000 00007fff49210adc
0x000070001014cf40:   000070001014cfe0 00007fff6a017468
0x000070001014cf50:   0000000000000000 00007fff99c30a10
0x000070001014cf60:   00007fb35592f5a0 00007fff99c2fbc0
0x000070001014cf70:   0000000000000000 00007fb35592f5a0
0x000070001014cf80:   0000000000000000 0000000000000001
0x000070001014cf90:   0000000100000001 0000000300000000
0x000070001014cfa0:   0000010100000000 00007fff99c2fbc0
0x000070001014cfb0:   00007fff99c30a10 0000000000000000
0x000070001014cfc0:   000070001014d000 00007fff4921e17c
0x000070001014cfd0:   000070001014d000 0000000000000001
0x000070001014cfe0:   00007fb35592e600 0000000000000000
0x000070001014cff0:   00007fb35592f5a0 0000000000000001
0x000070001014d000:   000070001014d090 00007fff49210c01
0x000070001014d010:   00007fff9ffcb000 0000000000000004
0x000070001014d020:   000070001014d050 00007fff6d165c05
0x000070001014d030:   00007fb35592f730 0000000000000001
0x000070001014d040:   00007fb35592f3e0 00007fb356001000
0x000070001014d050:   00007fb35592e610 00007fb35592e600
0x000070001014d060:   0000000000000004 000000012bb150b0
0x000070001014d070:   0000000000000000 000000012bb150b0
0x000070001014d080:   000070001014e130 00007fb356001000
0x000070001014d090:   000070001014d8e0 000000012c2f0da4
0x000070001014d0a0:   0000000000000000 0000000100000001
0x000070001014d0b0:   000000012b739ee8 000070001014e378
0x000070001014d0c0:   000000012b887d98 00007fb32b834e48
0x000070001014d0d0:   000070002bb28a88 000000012bc98158
0x000070001014d0e0:   000000002b73ae20 000000012bb3d950
0x000070001014d0f0:   000000002bb2c248 000000001014e378
0x000070001014d100:   00007fb32b73a168 000000002b5c64b0
0x000070001014d110:   000070002b73ad30 000000012b6e7768
0x000070001014d120:   00007fb35809a400 000000002b73a438 

Instructions: (pc=0x00007fff6d19d712)
0x00007fff6d19d6f2:   90 90 90 90 90 90 90 90 90 90 90 90 90 90 55 48
0x00007fff6d19d702:   89 e5 48 89 f9 48 89 fa 48 83 e7 f0 66 0f ef c0
0x00007fff6d19d712:   66 0f 74 07 66 0f d7 f0 48 83 e1 0f 48 83 c8 ff
0x00007fff6d19d722:   48 d3 e0 21 c6 74 17 0f bc c6 48 29 d7 48 01 f8 

Stack slot to memory mapping:
stack at sp + 0 slots: 0x000070001014d000 is pointing into the stack for thread: 0x00007fb356001000
stack at sp + 1 slots: 0x00007fff49210adc: clGetSamplerInfo+0x95f in /System/Library/Frameworks/OpenCL.framework/Versions/A/OpenCL at 0x00007fff491f3000
stack at sp + 2 slots: 0x000070001014cfe0 is pointing into the stack for thread: 0x00007fb356001000
stack at sp + 3 slots: 0x00007fff6a017468: __dynamic_cast+0xaa in /usr/lib/libc++abi.dylib at 0x00007fff6a016000
stack at sp + 4 slots: 0x0 is NULL
stack at sp + 5 slots: 0x00007fff99c30a10: clGetMemoryAnnotationListAPPLE+0x509f6eb8 in /System/Library/Frameworks/OpenCL.framework/Versions/A/OpenCL at 0x00007fff491f3000
stack at sp + 6 slots: 0x00007fb35592f5a0 points into unknown readable memory: e8 e5 c2 99 ff 7f 00 00
stack at sp + 7 slots: 0x00007fff99c2fbc0: clGetMemoryAnnotationListAPPLE+0x509f6068 in /System/Library/Frameworks/OpenCL.framework/Versions/A/OpenCL at 0x00007fff491f3000


---------------  P R O C E S S  ---------------

Threads class SMR info:
_java_thread_list=0x00007fb354501170, length=23, elements={
0x00007fb356001000, 0x00007fb354868800, 0x00007fb35801c800, 0x00007fb358022000,
0x00007fb358025000, 0x00007fb359000000, 0x00007fb358026000, 0x00007fb359810000,
0x00007fb359081000, 0x00007fb355003000, 0x00007fb35908c800, 0x00007fb35a802800,
0x00007fb359952800, 0x00007fb35908d800, 0x00007fb354a01800, 0x00007fb3560ff800,
0x00007fb356262000, 0x00007fb354a02800, 0x00007fb356263000, 0x00007fb354a03800,
0x00007fb357007800, 0x00007fb35a803000, 0x00007fb35908e000
}

Java Threads: ( => current thread )
=>0x00007fb356001000 JavaThread "main" [_thread_in_native, id=8963, stack(0x000070001004f000,0x000070001014f000)]
  0x00007fb354868800 JavaThread "Reference Handler" daemon [_thread_blocked, id=14339, stack(0x0000700010764000,0x0000700010864000)]
  0x00007fb35801c800 JavaThread "Finalizer" daemon [_thread_blocked, id=17667, stack(0x0000700010867000,0x0000700010967000)]
  0x00007fb358022000 JavaThread "Signal Dispatcher" daemon [_thread_blocked, id=16387, stack(0x000070001096a000,0x0000700010a6a000)]
  0x00007fb358025000 JavaThread "C2 CompilerThread0" daemon [_thread_in_native, id=22019, stack(0x0000700010a6d000,0x0000700010b6d000)]
  0x00007fb359000000 JavaThread "C1 CompilerThread0" daemon [_thread_blocked, id=43267, stack(0x0000700010b70000,0x0000700010c70000)]
  0x00007fb358026000 JavaThread "Sweeper thread" daemon [_thread_blocked, id=43011, stack(0x0000700010c73000,0x0000700010d73000)]
  0x00007fb359810000 JavaThread "Common-Cleaner" daemon [_thread_blocked, id=23811, stack(0x0000700010d76000,0x0000700010e76000)]
  0x00007fb359081000 JavaThread "Monitor Ctrl-Break" daemon [_thread_in_native, id=41731, stack(0x0000700010f7c000,0x000070001107c000)]
  0x00007fb355003000 JavaThread "Service Thread" daemon [_thread_blocked, id=24579, stack(0x000070001107f000,0x000070001117f000)]
  0x00007fb35908c800 JavaThread "ForkJoinPool-2-worker-19" daemon [_thread_blocked, id=30471, stack(0x0000700011aa6000,0x0000700011ba6000)]
  0x00007fb35a802800 JavaThread "ForkJoinPool-2-worker-5" daemon [_thread_blocked, id=32515, stack(0x0000700011ba9000,0x0000700011ca9000)]
  0x00007fb359952800 JavaThread "ForkJoinPool-2-worker-23" daemon [_thread_blocked, id=31747, stack(0x0000700011cac000,0x0000700011dac000)]
  0x00007fb35908d800 JavaThread "ForkJoinPool-2-worker-9" daemon [_thread_blocked, id=31235, stack(0x0000700011daf000,0x0000700011eaf000)]
  0x00007fb354a01800 JavaThread "ForkJoinPool-2-worker-27" daemon [_thread_blocked, id=44035, stack(0x0000700011eb2000,0x0000700011fb2000)]
  0x00007fb3560ff800 JavaThread "ForkJoinPool-2-worker-13" daemon [_thread_blocked, id=86787, stack(0x0000700011fb5000,0x00007000120b5000)]
  0x00007fb356262000 JavaThread "ForkJoinPool-2-worker-31" daemon [_thread_blocked, id=86275, stack(0x00007000120b8000,0x00007000121b8000)]
  0x00007fb354a02800 JavaThread "ForkJoinPool-2-worker-17" daemon [_thread_blocked, id=44803, stack(0x00007000121bb000,0x00007000122bb000)]
  0x00007fb356263000 JavaThread "ForkJoinPool-2-worker-3" daemon [_thread_blocked, id=85251, stack(0x00007000122be000,0x00007000123be000)]
  0x00007fb354a03800 JavaThread "ForkJoinPool-2-worker-21" daemon [_thread_blocked, id=84483, stack(0x00007000123c1000,0x00007000124c1000)]
  0x00007fb357007800 JavaThread "ForkJoinPool-2-worker-7" daemon [_thread_blocked, id=45571, stack(0x00007000124c4000,0x00007000125c4000)]
  0x00007fb35a803000 JavaThread "ForkJoinPool-2-worker-25" daemon [_thread_blocked, id=46083, stack(0x00007000125c7000,0x00007000126c7000)]
  0x00007fb35908e000 JavaThread "C2 CompilerThread1" daemon [_thread_in_native, id=83715, stack(0x00007000126ca000,0x00007000127ca000)]

Other Threads:
  0x00007fb35801c000 VMThread "VM Thread" [stack: 0x0000700010661000,0x0000700010761000] [id=18435]
  0x00007fb355005800 WatcherThread [stack: 0x0000700011182000,0x0000700011282000] [id=40963]
  0x00007fb354839800 GCTaskThread "GC Thread#0" [stack: 0x0000700010152000,0x0000700010252000] [id=11779]
  0x00007fb356100800 GCTaskThread "GC Thread#1" [stack: 0x0000700011285000,0x0000700011385000] [id=37643]
  0x00007fb3560f5800 GCTaskThread "GC Thread#2" [stack: 0x0000700011388000,0x0000700011488000] [id=37379]
  0x00007fb358023000 GCTaskThread "GC Thread#3" [stack: 0x000070001148b000,0x000070001158b000] [id=28419]
  0x00007fb35806a800 GCTaskThread "GC Thread#4" [stack: 0x000070001158e000,0x000070001168e000] [id=36867]
  0x00007fb35806b000 GCTaskThread "GC Thread#5" [stack: 0x0000700011691000,0x0000700011791000] [id=28675]
  0x00007fb35601a000 ConcurrentGCThread "G1 Main Marker" [stack: 0x0000700010255000,0x0000700010355000] [id=19971]
  0x00007fb35601b000 ConcurrentGCThread "G1 Conc#0" [stack: 0x0000700010358000,0x0000700010458000] [id=12547]
  0x00007fb354867800 ConcurrentGCThread "G1 Refine#0" [stack: 0x000070001045b000,0x000070001055b000] [id=12803]
  0x00007fb357800000 ConcurrentGCThread "G1 Young RemSet Sampling" [stack: 0x000070001055e000,0x000070001065e000] [id=19203]

Threads with active compile tasks:
C2 CompilerThread0  1102 %     4       org.raytracer.BatchScene$Companion::batchIsWithinTriangle @ 332 (761 bytes)
C2 CompilerThread1  1099 %     4       org.raytracer.BatchScene$Companion::batchIntersectionPoint @ 109 (546 bytes)

VM state:not at safepoint (normal execution)

VM Mutex/Monitor currently owned by a thread: None

Heap address: 0x0000000700000000, size: 4096 MB, Compressed Oops mode: Zero based, Oop shift amount: 3
Narrow klass base: 0x0000000800000000, Narrow klass shift: 3
Compressed class space size: 1073741824 Address: 0x00000008010fa000

Heap:
 garbage-first heap   total 264192K, used 64581K [0x0000000700000000, 0x0000000800000000)
  region size 1024K, 22 young (22528K), 3 survivors (3072K)
 Metaspace       used 6855K, capacity 8229K, committed 8448K, reserved 1056768K
  class space    used 854K, capacity 989K, committed 1024K, reserved 1048576K
Heap Regions: E=young(eden), S=young(survivor), O=old, HS=humongous(starts), HC=humongous(continues), CS=collection set, F=free, A=archive, TAMS=top-at-mark-start (previous, next)
|   0|0x0000000700000000, 0x0000000700100000, 0x0000000700100000|100%|HS|  |TAMS 0x0000000700000000, 0x0000000700000000| Complete 
|   1|0x0000000700100000, 0x0000000700200000, 0x0000000700200000|100%|HS|  |TAMS 0x0000000700100000, 0x0000000700100000| Complete 
|   2|0x0000000700200000, 0x0000000700300000, 0x0000000700300000|100%|HS|  |TAMS 0x0000000700200000, 0x0000000700200000| Complete 
|   3|0x0000000700300000, 0x0000000700400000, 0x0000000700400000|100%|HS|  |TAMS 0x0000000700300000, 0x0000000700300000| Complete 
|   4|0x0000000700400000, 0x0000000700500000, 0x0000000700500000|100%|HS|  |TAMS 0x0000000700400000, 0x0000000700400000| Complete 
|   5|0x0000000700500000, 0x0000000700600000, 0x0000000700600000|100%|HS|  |TAMS 0x0000000700500000, 0x0000000700500000| Complete 
|   6|0x0000000700600000, 0x0000000700700000, 0x0000000700700000|100%|HS|  |TAMS 0x0000000700600000, 0x0000000700600000| Complete 
|   7|0x0000000700700000, 0x0000000700800000, 0x0000000700800000|100%|HS|  |TAMS 0x0000000700700000, 0x0000000700700000| Complete 
|   8|0x0000000700800000, 0x0000000700900000, 0x0000000700900000|100%| O|  |TAMS 0x0000000700800000, 0x0000000700800000| Untracked 
|   9|0x0000000700900000, 0x0000000700a00000, 0x0000000700a00000|100%| O|  |TAMS 0x0000000700900000, 0x0000000700900000| Untracked 
|  10|0x0000000700a00000, 0x0000000700b00000, 0x0000000700b00000|100%| O|  |TAMS 0x0000000700a00000, 0x0000000700a00000| Untracked 
|  11|0x0000000700b00000, 0x0000000700c00000, 0x0000000700c00000|100%| O|  |TAMS 0x0000000700b00000, 0x0000000700b00000| Untracked 
|  12|0x0000000700c00000, 0x0000000700d00000, 0x0000000700d00000|100%| O|  |TAMS 0x0000000700c00000, 0x0000000700c00000| Untracked 
|  13|0x0000000700d00000, 0x0000000700e00000, 0x0000000700e00000|100%| O|  |TAMS 0x0000000700d00000, 0x0000000700d00000| Untracked 
|  14|0x0000000700e00000, 0x0000000700f00000, 0x0000000700f00000|100%| O|  |TAMS 0x0000000700e00000, 0x0000000700e00000| Untracked 
|  15|0x0000000700f00000, 0x0000000701000000, 0x0000000701000000|100%| O|  |TAMS 0x0000000700f00000, 0x0000000700f00000| Untracked 
|  16|0x0000000701000000, 0x0000000701100000, 0x0000000701100000|100%| O|  |TAMS 0x0000000701000000, 0x0000000701000000| Untracked 
|  17|0x0000000701100000, 0x0000000701200000, 0x0000000701200000|100%| O|  |TAMS 0x0000000701100000, 0x0000000701100000| Untracked 
|  18|0x0000000701200000, 0x0000000701300000, 0x0000000701300000|100%| O|  |TAMS 0x0000000701200000, 0x0000000701200000| Untracked 
|  19|0x0000000701300000, 0x0000000701400000, 0x0000000701400000|100%| O|  |TAMS 0x0000000701300000, 0x0000000701300000| Untracked 
|  20|0x0000000701400000, 0x0000000701500000, 0x0000000701500000|100%| O|  |TAMS 0x0000000701400000, 0x0000000701400000| Untracked 
|  21|0x0000000701500000, 0x0000000701600000, 0x0000000701600000|100%|HS|  |TAMS 0x0000000701500000, 0x0000000701500000| Complete 
|  22|0x0000000701600000, 0x0000000701700000, 0x0000000701700000|100%| O|  |TAMS 0x0000000701600000, 0x0000000701600000| Untracked 
|  23|0x0000000701700000, 0x0000000701800000, 0x0000000701800000|100%| O|  |TAMS 0x0000000701700000, 0x0000000701700000| Untracked 
|  24|0x0000000701800000, 0x0000000701900000, 0x0000000701900000|100%| O|  |TAMS 0x0000000701800000, 0x0000000701800000| Untracked 
|  25|0x0000000701900000, 0x0000000701a00000, 0x0000000701a00000|100%| O|  |TAMS 0x0000000701900000, 0x0000000701900000| Untracked 
|  26|0x0000000701a00000, 0x0000000701b00000, 0x0000000701b00000|100%| O|  |TAMS 0x0000000701a00000, 0x0000000701a00000| Untracked 
|  27|0x0000000701b00000, 0x0000000701c00000, 0x0000000701c00000|100%| O|  |TAMS 0x0000000701b00000, 0x0000000701b00000| Untracked 
|  28|0x0000000701c00000, 0x0000000701d00000, 0x0000000701d00000|100%| O|  |TAMS 0x0000000701c00000, 0x0000000701c00000| Untracked 
|  29|0x0000000701d00000, 0x0000000701e00000, 0x0000000701e00000|100%| O|  |TAMS 0x0000000701d00000, 0x0000000701d00000| Untracked 
|  30|0x0000000701e00000, 0x0000000701e5c400, 0x0000000701f00000| 36%| O|  |TAMS 0x0000000701e00000, 0x0000000701e00000| Untracked 
|  31|0x0000000701f00000, 0x0000000702000000, 0x0000000702000000|100%|HS|  |TAMS 0x0000000701f00000, 0x0000000701f00000| Complete 
|  32|0x0000000702000000, 0x0000000702100000, 0x0000000702100000|100%|HS|  |TAMS 0x0000000702000000, 0x0000000702000000| Complete 
|  33|0x0000000702100000, 0x0000000702200000, 0x0000000702200000|100%|HS|  |TAMS 0x0000000702100000, 0x0000000702100000| Complete 
|  34|0x0000000702200000, 0x0000000702300000, 0x0000000702300000|100%|HS|  |TAMS 0x0000000702200000, 0x0000000702200000| Complete 
|  35|0x0000000702300000, 0x0000000702400000, 0x0000000702400000|100%|HS|  |TAMS 0x0000000702300000, 0x0000000702300000| Complete 
|  36|0x0000000702400000, 0x0000000702500000, 0x0000000702500000|100%|HS|  |TAMS 0x0000000702400000, 0x0000000702400000| Complete 
|  37|0x0000000702500000, 0x0000000702600000, 0x0000000702600000|100%|HS|  |TAMS 0x0000000702500000, 0x0000000702500000| Complete 
|  38|0x0000000702600000, 0x0000000702700000, 0x0000000702700000|100%|HS|  |TAMS 0x0000000702600000, 0x0000000702600000| Complete 
|  39|0x0000000702700000, 0x0000000702800000, 0x0000000702800000|100%|HS|  |TAMS 0x0000000702700000, 0x0000000702700000| Complete 
|  40|0x0000000702800000, 0x0000000702900000, 0x0000000702900000|100%|HS|  |TAMS 0x0000000702800000, 0x0000000702800000| Complete 
|  41|0x0000000702900000, 0x0000000702a00000, 0x0000000702a00000|100%|HS|  |TAMS 0x0000000702900000, 0x0000000702900000| Complete 
|  42|0x0000000702a00000, 0x0000000702a00000, 0x0000000702b00000|  0%| F|  |TAMS 0x0000000702a00000, 0x0000000702a00000| Untracked 
|  43|0x0000000702b00000, 0x0000000702b00000, 0x0000000702c00000|  0%| F|  |TAMS 0x0000000702b00000, 0x0000000702b00000| Untracked 
|  44|0x0000000702c00000, 0x0000000702c00000, 0x0000000702d00000|  0%| F|  |TAMS 0x0000000702c00000, 0x0000000702c00000| Untracked 
|  45|0x0000000702d00000, 0x0000000702d00000, 0x0000000702e00000|  0%| F|  |TAMS 0x0000000702d00000, 0x0000000702d00000| Untracked 
|  46|0x0000000702e00000, 0x0000000702e00000, 0x0000000702f00000|  0%| F|  |TAMS 0x0000000702e00000, 0x0000000702e00000| Untracked 
|  47|0x0000000702f00000, 0x0000000702f00000, 0x0000000703000000|  0%| F|  |TAMS 0x0000000702f00000, 0x0000000702f00000| Untracked 
|  48|0x0000000703000000, 0x0000000703000000, 0x0000000703100000|  0%| F|  |TAMS 0x0000000703000000, 0x0000000703000000| Untracked 
|  49|0x0000000703100000, 0x0000000703100000, 0x0000000703200000|  0%| F|  |TAMS 0x0000000703100000, 0x0000000703100000| Untracked 
|  50|0x0000000703200000, 0x0000000703200000, 0x0000000703300000|  0%| F|  |TAMS 0x0000000703200000, 0x0000000703200000| Untracked 
|  51|0x0000000703300000, 0x0000000703300000, 0x0000000703400000|  0%| F|  |TAMS 0x0000000703300000, 0x0000000703300000| Untracked 
|  52|0x0000000703400000, 0x0000000703400000, 0x0000000703500000|  0%| F|  |TAMS 0x0000000703400000, 0x0000000703400000| Untracked 
|  53|0x0000000703500000, 0x0000000703500000, 0x0000000703600000|  0%| F|  |TAMS 0x0000000703500000, 0x0000000703500000| Untracked 
|  54|0x0000000703600000, 0x0000000703600000, 0x0000000703700000|  0%| F|  |TAMS 0x0000000703600000, 0x0000000703600000| Untracked 
|  55|0x0000000703700000, 0x0000000703700000, 0x0000000703800000|  0%| F|  |TAMS 0x0000000703700000, 0x0000000703700000| Untracked 
|  56|0x0000000703800000, 0x0000000703800000, 0x0000000703900000|  0%| F|  |TAMS 0x0000000703800000, 0x0000000703800000| Untracked 
|  57|0x0000000703900000, 0x0000000703900000, 0x0000000703a00000|  0%| F|  |TAMS 0x0000000703900000, 0x0000000703900000| Untracked 
|  58|0x0000000703a00000, 0x0000000703a00000, 0x0000000703b00000|  0%| F|  |TAMS 0x0000000703a00000, 0x0000000703a00000| Untracked 
|  59|0x0000000703b00000, 0x0000000703b00000, 0x0000000703c00000|  0%| F|  |TAMS 0x0000000703b00000, 0x0000000703b00000| Untracked 
|  60|0x0000000703c00000, 0x0000000703c00000, 0x0000000703d00000|  0%| F|  |TAMS 0x0000000703c00000, 0x0000000703c00000| Untracked 
|  61|0x0000000703d00000, 0x0000000703d00000, 0x0000000703e00000|  0%| F|  |TAMS 0x0000000703d00000, 0x0000000703d00000| Untracked 
|  62|0x0000000703e00000, 0x0000000703e00000, 0x0000000703f00000|  0%| F|  |TAMS 0x0000000703e00000, 0x0000000703e00000| Untracked 
|  63|0x0000000703f00000, 0x0000000703f00000, 0x0000000704000000|  0%| F|  |TAMS 0x0000000703f00000, 0x0000000703f00000| Untracked 
|  64|0x0000000704000000, 0x0000000704000000, 0x0000000704100000|  0%| F|  |TAMS 0x0000000704000000, 0x0000000704000000| Untracked 
|  65|0x0000000704100000, 0x0000000704100000, 0x0000000704200000|  0%| F|  |TAMS 0x0000000704100000, 0x0000000704100000| Untracked 
|  66|0x0000000704200000, 0x0000000704200000, 0x0000000704300000|  0%| F|  |TAMS 0x0000000704200000, 0x0000000704200000| Untracked 
|  67|0x0000000704300000, 0x0000000704300000, 0x0000000704400000|  0%| F|  |TAMS 0x0000000704300000, 0x0000000704300000| Untracked 
|  68|0x0000000704400000, 0x0000000704400000, 0x0000000704500000|  0%| F|  |TAMS 0x0000000704400000, 0x0000000704400000| Untracked 
|  69|0x0000000704500000, 0x0000000704500000, 0x0000000704600000|  0%| F|  |TAMS 0x0000000704500000, 0x0000000704500000| Untracked 
|  70|0x0000000704600000, 0x0000000704600000, 0x0000000704700000|  0%| F|  |TAMS 0x0000000704600000, 0x0000000704600000| Untracked 
|  71|0x0000000704700000, 0x0000000704700000, 0x0000000704800000|  0%| F|  |TAMS 0x0000000704700000, 0x0000000704700000| Untracked 
|  72|0x0000000704800000, 0x0000000704800000, 0x0000000704900000|  0%| F|  |TAMS 0x0000000704800000, 0x0000000704800000| Untracked 
|  73|0x0000000704900000, 0x0000000704900000, 0x0000000704a00000|  0%| F|  |TAMS 0x0000000704900000, 0x0000000704900000| Untracked 
|  74|0x0000000704a00000, 0x0000000704a00000, 0x0000000704b00000|  0%| F|  |TAMS 0x0000000704a00000, 0x0000000704a00000| Untracked 
|  75|0x0000000704b00000, 0x0000000704b00000, 0x0000000704c00000|  0%| F|  |TAMS 0x0000000704b00000, 0x0000000704b00000| Untracked 
|  76|0x0000000704c00000, 0x0000000704c00000, 0x0000000704d00000|  0%| F|  |TAMS 0x0000000704c00000, 0x0000000704c00000| Untracked 
|  77|0x0000000704d00000, 0x0000000704d00000, 0x0000000704e00000|  0%| F|  |TAMS 0x0000000704d00000, 0x0000000704d00000| Untracked 
|  78|0x0000000704e00000, 0x0000000704e00000, 0x0000000704f00000|  0%| F|  |TAMS 0x0000000704e00000, 0x0000000704e00000| Untracked 
|  79|0x0000000704f00000, 0x0000000704f00000, 0x0000000705000000|  0%| F|  |TAMS 0x0000000704f00000, 0x0000000704f00000| Untracked 
|  80|0x0000000705000000, 0x0000000705000000, 0x0000000705100000|  0%| F|  |TAMS 0x0000000705000000, 0x0000000705000000| Untracked 
|  81|0x0000000705100000, 0x0000000705100000, 0x0000000705200000|  0%| F|  |TAMS 0x0000000705100000, 0x0000000705100000| Untracked 
|  82|0x0000000705200000, 0x0000000705200000, 0x0000000705300000|  0%| F|  |TAMS 0x0000000705200000, 0x0000000705200000| Untracked 
|  83|0x0000000705300000, 0x0000000705300000, 0x0000000705400000|  0%| F|  |TAMS 0x0000000705300000, 0x0000000705300000| Untracked 
|  84|0x0000000705400000, 0x0000000705400000, 0x0000000705500000|  0%| F|  |TAMS 0x0000000705400000, 0x0000000705400000| Untracked 
|  85|0x0000000705500000, 0x0000000705500000, 0x0000000705600000|  0%| F|  |TAMS 0x0000000705500000, 0x0000000705500000| Untracked 
|  86|0x0000000705600000, 0x0000000705600000, 0x0000000705700000|  0%| F|  |TAMS 0x0000000705600000, 0x0000000705600000| Untracked 
|  87|0x0000000705700000, 0x0000000705700000, 0x0000000705800000|  0%| F|  |TAMS 0x0000000705700000, 0x0000000705700000| Untracked 
|  88|0x0000000705800000, 0x0000000705800000, 0x0000000705900000|  0%| F|  |TAMS 0x0000000705800000, 0x0000000705800000| Untracked 
|  89|0x0000000705900000, 0x0000000705900000, 0x0000000705a00000|  0%| F|  |TAMS 0x0000000705900000, 0x0000000705900000| Untracked 
|  90|0x0000000705a00000, 0x0000000705a00000, 0x0000000705b00000|  0%| F|  |TAMS 0x0000000705a00000, 0x0000000705a00000| Untracked 
|  91|0x0000000705b00000, 0x0000000705b00000, 0x0000000705c00000|  0%| F|  |TAMS 0x0000000705b00000, 0x0000000705b00000| Untracked 
|  92|0x0000000705c00000, 0x0000000705c00000, 0x0000000705d00000|  0%| F|  |TAMS 0x0000000705c00000, 0x0000000705c00000| Untracked 
|  93|0x0000000705d00000, 0x0000000705d00000, 0x0000000705e00000|  0%| F|  |TAMS 0x0000000705d00000, 0x0000000705d00000| Untracked 
|  94|0x0000000705e00000, 0x0000000705e00000, 0x0000000705f00000|  0%| F|  |TAMS 0x0000000705e00000, 0x0000000705e00000| Untracked 
|  95|0x0000000705f00000, 0x0000000705f00000, 0x0000000706000000|  0%| F|  |TAMS 0x0000000705f00000, 0x0000000705f00000| Untracked 
|  96|0x0000000706000000, 0x0000000706000000, 0x0000000706100000|  0%| F|  |TAMS 0x0000000706000000, 0x0000000706000000| Untracked 
|  97|0x0000000706100000, 0x0000000706100000, 0x0000000706200000|  0%| F|  |TAMS 0x0000000706100000, 0x0000000706100000| Untracked 
|  98|0x0000000706200000, 0x0000000706200000, 0x0000000706300000|  0%| F|  |TAMS 0x0000000706200000, 0x0000000706200000| Untracked 
|  99|0x0000000706300000, 0x0000000706300000, 0x0000000706400000|  0%| F|  |TAMS 0x0000000706300000, 0x0000000706300000| Untracked 
| 100|0x0000000706400000, 0x0000000706400000, 0x0000000706500000|  0%| F|  |TAMS 0x0000000706400000, 0x0000000706400000| Untracked 
| 101|0x0000000706500000, 0x0000000706500000, 0x0000000706600000|  0%| F|  |TAMS 0x0000000706500000, 0x0000000706500000| Untracked 
| 102|0x0000000706600000, 0x0000000706600000, 0x0000000706700000|  0%| F|  |TAMS 0x0000000706600000, 0x0000000706600000| Untracked 
| 103|0x0000000706700000, 0x0000000706700000, 0x0000000706800000|  0%| F|  |TAMS 0x0000000706700000, 0x0000000706700000| Untracked 
| 104|0x0000000706800000, 0x0000000706800000, 0x0000000706900000|  0%| F|  |TAMS 0x0000000706800000, 0x0000000706800000| Untracked 
| 105|0x0000000706900000, 0x0000000706900000, 0x0000000706a00000|  0%| F|  |TAMS 0x0000000706900000, 0x0000000706900000| Untracked 
| 106|0x0000000706a00000, 0x0000000706a00000, 0x0000000706b00000|  0%| F|  |TAMS 0x0000000706a00000, 0x0000000706a00000| Untracked 
| 107|0x0000000706b00000, 0x0000000706b00000, 0x0000000706c00000|  0%| F|  |TAMS 0x0000000706b00000, 0x0000000706b00000| Untracked 
| 108|0x0000000706c00000, 0x0000000706c00000, 0x0000000706d00000|  0%| F|  |TAMS 0x0000000706c00000, 0x0000000706c00000| Untracked 
| 109|0x0000000706d00000, 0x0000000706d00000, 0x0000000706e00000|  0%| F|  |TAMS 0x0000000706d00000, 0x0000000706d00000| Untracked 
| 110|0x0000000706e00000, 0x0000000706e00000, 0x0000000706f00000|  0%| F|  |TAMS 0x0000000706e00000, 0x0000000706e00000| Untracked 
| 111|0x0000000706f00000, 0x0000000706f00000, 0x0000000707000000|  0%| F|  |TAMS 0x0000000706f00000, 0x0000000706f00000| Untracked 
| 112|0x0000000707000000, 0x0000000707000000, 0x0000000707100000|  0%| F|  |TAMS 0x0000000707000000, 0x0000000707000000| Untracked 
| 113|0x0000000707100000, 0x0000000707100000, 0x0000000707200000|  0%| F|  |TAMS 0x0000000707100000, 0x0000000707100000| Untracked 
| 114|0x0000000707200000, 0x0000000707200000, 0x0000000707300000|  0%| F|  |TAMS 0x0000000707200000, 0x0000000707200000| Untracked 
| 115|0x0000000707300000, 0x0000000707300000, 0x0000000707400000|  0%| F|  |TAMS 0x0000000707300000, 0x0000000707300000| Untracked 
| 116|0x0000000707400000, 0x0000000707400000, 0x0000000707500000|  0%| F|  |TAMS 0x0000000707400000, 0x0000000707400000| Untracked 
| 117|0x0000000707500000, 0x0000000707500000, 0x0000000707600000|  0%| F|  |TAMS 0x0000000707500000, 0x0000000707500000| Untracked 
| 118|0x0000000707600000, 0x0000000707600000, 0x0000000707700000|  0%| F|  |TAMS 0x0000000707600000, 0x0000000707600000| Untracked 
| 119|0x0000000707700000, 0x0000000707700000, 0x0000000707800000|  0%| F|  |TAMS 0x0000000707700000, 0x0000000707700000| Untracked 
| 120|0x0000000707800000, 0x0000000707800000, 0x0000000707900000|  0%| F|  |TAMS 0x0000000707800000, 0x0000000707800000| Untracked 
| 121|0x0000000707900000, 0x0000000707900000, 0x0000000707a00000|  0%| F|  |TAMS 0x0000000707900000, 0x0000000707900000| Untracked 
| 122|0x0000000707a00000, 0x0000000707a00000, 0x0000000707b00000|  0%| F|  |TAMS 0x0000000707a00000, 0x0000000707a00000| Untracked 
| 123|0x0000000707b00000, 0x0000000707b00000, 0x0000000707c00000|  0%| F|  |TAMS 0x0000000707b00000, 0x0000000707b00000| Untracked 
| 124|0x0000000707c00000, 0x0000000707c00000, 0x0000000707d00000|  0%| F|  |TAMS 0x0000000707c00000, 0x0000000707c00000| Untracked 
| 125|0x0000000707d00000, 0x0000000707d00000, 0x0000000707e00000|  0%| F|  |TAMS 0x0000000707d00000, 0x0000000707d00000| Untracked 
| 126|0x0000000707e00000, 0x0000000707e00000, 0x0000000707f00000|  0%| F|  |TAMS 0x0000000707e00000, 0x0000000707e00000| Untracked 
| 127|0x0000000707f00000, 0x0000000707f00000, 0x0000000708000000|  0%| F|  |TAMS 0x0000000707f00000, 0x0000000707f00000| Untracked 
| 128|0x0000000708000000, 0x0000000708000000, 0x0000000708100000|  0%| F|  |TAMS 0x0000000708000000, 0x0000000708000000| Untracked 
| 129|0x0000000708100000, 0x0000000708100000, 0x0000000708200000|  0%| F|  |TAMS 0x0000000708100000, 0x0000000708100000| Untracked 
| 130|0x0000000708200000, 0x0000000708200000, 0x0000000708300000|  0%| F|  |TAMS 0x0000000708200000, 0x0000000708200000| Untracked 
| 131|0x0000000708300000, 0x0000000708300000, 0x0000000708400000|  0%| F|  |TAMS 0x0000000708300000, 0x0000000708300000| Untracked 
| 132|0x0000000708400000, 0x0000000708400000, 0x0000000708500000|  0%| F|  |TAMS 0x0000000708400000, 0x0000000708400000| Untracked 
| 133|0x0000000708500000, 0x0000000708500000, 0x0000000708600000|  0%| F|  |TAMS 0x0000000708500000, 0x0000000708500000| Untracked 
| 134|0x0000000708600000, 0x0000000708600000, 0x0000000708700000|  0%| F|  |TAMS 0x0000000708600000, 0x0000000708600000| Untracked 
| 135|0x0000000708700000, 0x0000000708700000, 0x0000000708800000|  0%| F|  |TAMS 0x0000000708700000, 0x0000000708700000| Untracked 
| 136|0x0000000708800000, 0x0000000708800000, 0x0000000708900000|  0%| F|  |TAMS 0x0000000708800000, 0x0000000708800000| Untracked 
| 137|0x0000000708900000, 0x0000000708900000, 0x0000000708a00000|  0%| F|  |TAMS 0x0000000708900000, 0x0000000708900000| Untracked 
| 138|0x0000000708a00000, 0x0000000708a00000, 0x0000000708b00000|  0%| F|  |TAMS 0x0000000708a00000, 0x0000000708a00000| Untracked 
| 139|0x0000000708b00000, 0x0000000708b00000, 0x0000000708c00000|  0%| F|  |TAMS 0x0000000708b00000, 0x0000000708b00000| Untracked 
| 140|0x0000000708c00000, 0x0000000708c00000, 0x0000000708d00000|  0%| F|  |TAMS 0x0000000708c00000, 0x0000000708c00000| Untracked 
| 141|0x0000000708d00000, 0x0000000708d00000, 0x0000000708e00000|  0%| F|  |TAMS 0x0000000708d00000, 0x0000000708d00000| Untracked 
| 142|0x0000000708e00000, 0x0000000708e00000, 0x0000000708f00000|  0%| F|  |TAMS 0x0000000708e00000, 0x0000000708e00000| Untracked 
| 143|0x0000000708f00000, 0x0000000708f00000, 0x0000000709000000|  0%| F|  |TAMS 0x0000000708f00000, 0x0000000708f00000| Untracked 
| 144|0x0000000709000000, 0x0000000709000000, 0x0000000709100000|  0%| F|  |TAMS 0x0000000709000000, 0x0000000709000000| Untracked 
| 145|0x0000000709100000, 0x0000000709100000, 0x0000000709200000|  0%| F|  |TAMS 0x0000000709100000, 0x0000000709100000| Untracked 
| 146|0x0000000709200000, 0x0000000709200000, 0x0000000709300000|  0%| F|  |TAMS 0x0000000709200000, 0x0000000709200000| Untracked 
| 147|0x0000000709300000, 0x0000000709300000, 0x0000000709400000|  0%| F|  |TAMS 0x0000000709300000, 0x0000000709300000| Untracked 
| 148|0x0000000709400000, 0x0000000709400000, 0x0000000709500000|  0%| F|  |TAMS 0x0000000709400000, 0x0000000709400000| Untracked 
| 149|0x0000000709500000, 0x0000000709500000, 0x0000000709600000|  0%| F|  |TAMS 0x0000000709500000, 0x0000000709500000| Untracked 
| 150|0x0000000709600000, 0x0000000709600000, 0x0000000709700000|  0%| F|  |TAMS 0x0000000709600000, 0x0000000709600000| Untracked 
| 151|0x0000000709700000, 0x0000000709700000, 0x0000000709800000|  0%| F|  |TAMS 0x0000000709700000, 0x0000000709700000| Untracked 
| 152|0x0000000709800000, 0x0000000709800000, 0x0000000709900000|  0%| F|  |TAMS 0x0000000709800000, 0x0000000709800000| Untracked 
| 153|0x0000000709900000, 0x0000000709900000, 0x0000000709a00000|  0%| F|  |TAMS 0x0000000709900000, 0x0000000709900000| Untracked 
| 154|0x0000000709a00000, 0x0000000709a00000, 0x0000000709b00000|  0%| F|  |TAMS 0x0000000709a00000, 0x0000000709a00000| Untracked 
| 155|0x0000000709b00000, 0x0000000709b00000, 0x0000000709c00000|  0%| F|  |TAMS 0x0000000709b00000, 0x0000000709b00000| Untracked 
| 156|0x0000000709c00000, 0x0000000709c00000, 0x0000000709d00000|  0%| F|  |TAMS 0x0000000709c00000, 0x0000000709c00000| Untracked 
| 157|0x0000000709d00000, 0x0000000709d00000, 0x0000000709e00000|  0%| F|  |TAMS 0x0000000709d00000, 0x0000000709d00000| Untracked 
| 158|0x0000000709e00000, 0x0000000709e00000, 0x0000000709f00000|  0%| F|  |TAMS 0x0000000709e00000, 0x0000000709e00000| Untracked 
| 159|0x0000000709f00000, 0x0000000709f00000, 0x000000070a000000|  0%| F|  |TAMS 0x0000000709f00000, 0x0000000709f00000| Untracked 
| 160|0x000000070a000000, 0x000000070a000000, 0x000000070a100000|  0%| F|  |TAMS 0x000000070a000000, 0x000000070a000000| Untracked 
| 161|0x000000070a100000, 0x000000070a100000, 0x000000070a200000|  0%| F|  |TAMS 0x000000070a100000, 0x000000070a100000| Untracked 
| 162|0x000000070a200000, 0x000000070a200000, 0x000000070a300000|  0%| F|  |TAMS 0x000000070a200000, 0x000000070a200000| Untracked 
| 163|0x000000070a300000, 0x000000070a300000, 0x000000070a400000|  0%| F|  |TAMS 0x000000070a300000, 0x000000070a300000| Untracked 
| 164|0x000000070a400000, 0x000000070a400000, 0x000000070a500000|  0%| F|  |TAMS 0x000000070a400000, 0x000000070a400000| Untracked 
| 165|0x000000070a500000, 0x000000070a500000, 0x000000070a600000|  0%| F|  |TAMS 0x000000070a500000, 0x000000070a500000| Untracked 
| 166|0x000000070a600000, 0x000000070a600000, 0x000000070a700000|  0%| F|  |TAMS 0x000000070a600000, 0x000000070a600000| Untracked 
| 167|0x000000070a700000, 0x000000070a700000, 0x000000070a800000|  0%| F|  |TAMS 0x000000070a700000, 0x000000070a700000| Untracked 
| 168|0x000000070a800000, 0x000000070a800000, 0x000000070a900000|  0%| F|  |TAMS 0x000000070a800000, 0x000000070a800000| Untracked 
| 169|0x000000070a900000, 0x000000070a900000, 0x000000070aa00000|  0%| F|  |TAMS 0x000000070a900000, 0x000000070a900000| Untracked 
| 170|0x000000070aa00000, 0x000000070aa00000, 0x000000070ab00000|  0%| F|  |TAMS 0x000000070aa00000, 0x000000070aa00000| Untracked 
| 171|0x000000070ab00000, 0x000000070ab00000, 0x000000070ac00000|  0%| F|  |TAMS 0x000000070ab00000, 0x000000070ab00000| Untracked 
| 172|0x000000070ac00000, 0x000000070ac00000, 0x000000070ad00000|  0%| F|  |TAMS 0x000000070ac00000, 0x000000070ac00000| Untracked 
| 173|0x000000070ad00000, 0x000000070ad00000, 0x000000070ae00000|  0%| F|  |TAMS 0x000000070ad00000, 0x000000070ad00000| Untracked 
| 174|0x000000070ae00000, 0x000000070ae00000, 0x000000070af00000|  0%| F|  |TAMS 0x000000070ae00000, 0x000000070ae00000| Untracked 
| 175|0x000000070af00000, 0x000000070af00000, 0x000000070b000000|  0%| F|  |TAMS 0x000000070af00000, 0x000000070af00000| Untracked 
| 176|0x000000070b000000, 0x000000070b000000, 0x000000070b100000|  0%| F|  |TAMS 0x000000070b000000, 0x000000070b000000| Untracked 
| 177|0x000000070b100000, 0x000000070b100000, 0x000000070b200000|  0%| F|  |TAMS 0x000000070b100000, 0x000000070b100000| Untracked 
| 178|0x000000070b200000, 0x000000070b200000, 0x000000070b300000|  0%| F|  |TAMS 0x000000070b200000, 0x000000070b200000| Untracked 
| 179|0x000000070b300000, 0x000000070b300000, 0x000000070b400000|  0%| F|  |TAMS 0x000000070b300000, 0x000000070b300000| Untracked 
| 180|0x000000070b400000, 0x000000070b400000, 0x000000070b500000|  0%| F|  |TAMS 0x000000070b400000, 0x000000070b400000| Untracked 
| 181|0x000000070b500000, 0x000000070b500000, 0x000000070b600000|  0%| F|  |TAMS 0x000000070b500000, 0x000000070b500000| Untracked 
| 182|0x000000070b600000, 0x000000070b600000, 0x000000070b700000|  0%| F|  |TAMS 0x000000070b600000, 0x000000070b600000| Untracked 
| 183|0x000000070b700000, 0x000000070b700000, 0x000000070b800000|  0%| F|  |TAMS 0x000000070b700000, 0x000000070b700000| Untracked 
| 184|0x000000070b800000, 0x000000070b800000, 0x000000070b900000|  0%| F|  |TAMS 0x000000070b800000, 0x000000070b800000| Untracked 
| 185|0x000000070b900000, 0x000000070b900000, 0x000000070ba00000|  0%| F|  |TAMS 0x000000070b900000, 0x000000070b900000| Untracked 
| 186|0x000000070ba00000, 0x000000070ba00000, 0x000000070bb00000|  0%| F|  |TAMS 0x000000070ba00000, 0x000000070ba00000| Untracked 
| 187|0x000000070bb00000, 0x000000070bb00000, 0x000000070bc00000|  0%| F|  |TAMS 0x000000070bb00000, 0x000000070bb00000| Untracked 
| 188|0x000000070bc00000, 0x000000070bc00000, 0x000000070bd00000|  0%| F|  |TAMS 0x000000070bc00000, 0x000000070bc00000| Untracked 
| 189|0x000000070bd00000, 0x000000070bd00000, 0x000000070be00000|  0%| F|  |TAMS 0x000000070bd00000, 0x000000070bd00000| Untracked 
| 190|0x000000070be00000, 0x000000070be00000, 0x000000070bf00000|  0%| F|  |TAMS 0x000000070be00000, 0x000000070be00000| Untracked 
| 191|0x000000070bf00000, 0x000000070bf00000, 0x000000070c000000|  0%| F|  |TAMS 0x000000070bf00000, 0x000000070bf00000| Untracked 
| 192|0x000000070c000000, 0x000000070c000000, 0x000000070c100000|  0%| F|  |TAMS 0x000000070c000000, 0x000000070c000000| Untracked 
| 193|0x000000070c100000, 0x000000070c100000, 0x000000070c200000|  0%| F|  |TAMS 0x000000070c100000, 0x000000070c100000| Untracked 
| 194|0x000000070c200000, 0x000000070c200000, 0x000000070c300000|  0%| F|  |TAMS 0x000000070c200000, 0x000000070c200000| Untracked 
| 195|0x000000070c300000, 0x000000070c300000, 0x000000070c400000|  0%| F|  |TAMS 0x000000070c300000, 0x000000070c300000| Untracked 
| 196|0x000000070c400000, 0x000000070c400000, 0x000000070c500000|  0%| F|  |TAMS 0x000000070c400000, 0x000000070c400000| Untracked 
| 197|0x000000070c500000, 0x000000070c500000, 0x000000070c600000|  0%| F|  |TAMS 0x000000070c500000, 0x000000070c500000| Untracked 
| 198|0x000000070c600000, 0x000000070c600000, 0x000000070c700000|  0%| F|  |TAMS 0x000000070c600000, 0x000000070c600000| Untracked 
| 199|0x000000070c700000, 0x000000070c700000, 0x000000070c800000|  0%| F|  |TAMS 0x000000070c700000, 0x000000070c700000| Untracked 
| 200|0x000000070c800000, 0x000000070c800000, 0x000000070c900000|  0%| F|  |TAMS 0x000000070c800000, 0x000000070c800000| Untracked 
| 201|0x000000070c900000, 0x000000070c900000, 0x000000070ca00000|  0%| F|  |TAMS 0x000000070c900000, 0x000000070c900000| Untracked 
| 202|0x000000070ca00000, 0x000000070ca00000, 0x000000070cb00000|  0%| F|  |TAMS 0x000000070ca00000, 0x000000070ca00000| Untracked 
| 203|0x000000070cb00000, 0x000000070cb00000, 0x000000070cc00000|  0%| F|  |TAMS 0x000000070cb00000, 0x000000070cb00000| Untracked 
| 204|0x000000070cc00000, 0x000000070cc00000, 0x000000070cd00000|  0%| F|  |TAMS 0x000000070cc00000, 0x000000070cc00000| Untracked 
| 205|0x000000070cd00000, 0x000000070cd00000, 0x000000070ce00000|  0%| F|  |TAMS 0x000000070cd00000, 0x000000070cd00000| Untracked 
| 206|0x000000070ce00000, 0x000000070ce00000, 0x000000070cf00000|  0%| F|  |TAMS 0x000000070ce00000, 0x000000070ce00000| Untracked 
| 207|0x000000070cf00000, 0x000000070cf00000, 0x000000070d000000|  0%| F|  |TAMS 0x000000070cf00000, 0x000000070cf00000| Untracked 
| 208|0x000000070d000000, 0x000000070d000000, 0x000000070d100000|  0%| F|  |TAMS 0x000000070d000000, 0x000000070d000000| Untracked 
| 209|0x000000070d100000, 0x000000070d100000, 0x000000070d200000|  0%| F|  |TAMS 0x000000070d100000, 0x000000070d100000| Untracked 
| 210|0x000000070d200000, 0x000000070d200000, 0x000000070d300000|  0%| F|  |TAMS 0x000000070d200000, 0x000000070d200000| Untracked 
| 211|0x000000070d300000, 0x000000070d300000, 0x000000070d400000|  0%| F|  |TAMS 0x000000070d300000, 0x000000070d300000| Untracked 
| 212|0x000000070d400000, 0x000000070d400000, 0x000000070d500000|  0%| F|  |TAMS 0x000000070d400000, 0x000000070d400000| Untracked 
| 213|0x000000070d500000, 0x000000070d500000, 0x000000070d600000|  0%| F|  |TAMS 0x000000070d500000, 0x000000070d500000| Untracked 
| 214|0x000000070d600000, 0x000000070d600000, 0x000000070d700000|  0%| F|  |TAMS 0x000000070d600000, 0x000000070d600000| Untracked 
| 215|0x000000070d700000, 0x000000070d700000, 0x000000070d800000|  0%| F|  |TAMS 0x000000070d700000, 0x000000070d700000| Untracked 
| 216|0x000000070d800000, 0x000000070d800000, 0x000000070d900000|  0%| F|  |TAMS 0x000000070d800000, 0x000000070d800000| Untracked 
| 217|0x000000070d900000, 0x000000070d900000, 0x000000070da00000|  0%| F|  |TAMS 0x000000070d900000, 0x000000070d900000| Untracked 
| 218|0x000000070da00000, 0x000000070da00000, 0x000000070db00000|  0%| F|  |TAMS 0x000000070da00000, 0x000000070da00000| Untracked 
| 219|0x000000070db00000, 0x000000070db00000, 0x000000070dc00000|  0%| F|  |TAMS 0x000000070db00000, 0x000000070db00000| Untracked 
| 220|0x000000070dc00000, 0x000000070dc00000, 0x000000070dd00000|  0%| F|  |TAMS 0x000000070dc00000, 0x000000070dc00000| Untracked 
| 221|0x000000070dd00000, 0x000000070dd00000, 0x000000070de00000|  0%| F|  |TAMS 0x000000070dd00000, 0x000000070dd00000| Untracked 
| 222|0x000000070de00000, 0x000000070de00000, 0x000000070df00000|  0%| F|  |TAMS 0x000000070de00000, 0x000000070de00000| Untracked 
| 223|0x000000070df00000, 0x000000070df00000, 0x000000070e000000|  0%| F|  |TAMS 0x000000070df00000, 0x000000070df00000| Untracked 
| 224|0x000000070e000000, 0x000000070e000000, 0x000000070e100000|  0%| F|  |TAMS 0x000000070e000000, 0x000000070e000000| Untracked 
| 225|0x000000070e100000, 0x000000070e100000, 0x000000070e200000|  0%| F|  |TAMS 0x000000070e100000, 0x000000070e100000| Untracked 
| 226|0x000000070e200000, 0x000000070e200000, 0x000000070e300000|  0%| F|  |TAMS 0x000000070e200000, 0x000000070e200000| Untracked 
| 227|0x000000070e300000, 0x000000070e300000, 0x000000070e400000|  0%| F|  |TAMS 0x000000070e300000, 0x000000070e300000| Untracked 
| 228|0x000000070e400000, 0x000000070e400000, 0x000000070e500000|  0%| F|  |TAMS 0x000000070e400000, 0x000000070e400000| Untracked 
| 229|0x000000070e500000, 0x000000070e500000, 0x000000070e600000|  0%| F|  |TAMS 0x000000070e500000, 0x000000070e500000| Untracked 
| 230|0x000000070e600000, 0x000000070e600000, 0x000000070e700000|  0%| F|  |TAMS 0x000000070e600000, 0x000000070e600000| Untracked 
| 231|0x000000070e700000, 0x000000070e700000, 0x000000070e800000|  0%| F|  |TAMS 0x000000070e700000, 0x000000070e700000| Untracked 
| 232|0x000000070e800000, 0x000000070e800000, 0x000000070e900000|  0%| F|  |TAMS 0x000000070e800000, 0x000000070e800000| Untracked 
| 233|0x000000070e900000, 0x000000070e900000, 0x000000070ea00000|  0%| F|  |TAMS 0x000000070e900000, 0x000000070e900000| Untracked 
| 234|0x000000070ea00000, 0x000000070eb00000, 0x000000070eb00000|100%| E|  |TAMS 0x000000070ea00000, 0x000000070ea00000| Complete 
| 235|0x000000070eb00000, 0x000000070ec00000, 0x000000070ec00000|100%| E|CS|TAMS 0x000000070eb00000, 0x000000070eb00000| Complete 
| 236|0x000000070ec00000, 0x000000070ed00000, 0x000000070ed00000|100%| E|CS|TAMS 0x000000070ec00000, 0x000000070ec00000| Complete 
| 237|0x000000070ed00000, 0x000000070ee00000, 0x000000070ee00000|100%| E|CS|TAMS 0x000000070ed00000, 0x000000070ed00000| Complete 
| 238|0x000000070ee00000, 0x000000070ef00000, 0x000000070ef00000|100%| S|CS|TAMS 0x000000070ee00000, 0x000000070ee00000| Complete 
| 239|0x000000070ef00000, 0x000000070f000000, 0x000000070f000000|100%| S|CS|TAMS 0x000000070ef00000, 0x000000070ef00000| Complete 
| 240|0x000000070f000000, 0x000000070f100000, 0x000000070f100000|100%| S|CS|TAMS 0x000000070f000000, 0x000000070f000000| Complete 
| 241|0x000000070f100000, 0x000000070f200000, 0x000000070f200000|100%| E|CS|TAMS 0x000000070f100000, 0x000000070f100000| Complete 
| 242|0x000000070f200000, 0x000000070f300000, 0x000000070f300000|100%| E|CS|TAMS 0x000000070f200000, 0x000000070f200000| Complete 
| 243|0x000000070f300000, 0x000000070f400000, 0x000000070f400000|100%| E|CS|TAMS 0x000000070f300000, 0x000000070f300000| Complete 
| 244|0x000000070f400000, 0x000000070f500000, 0x000000070f500000|100%| E|CS|TAMS 0x000000070f400000, 0x000000070f400000| Complete 
| 245|0x000000070f500000, 0x000000070f600000, 0x000000070f600000|100%| E|CS|TAMS 0x000000070f500000, 0x000000070f500000| Complete 
| 246|0x000000070f600000, 0x000000070f700000, 0x000000070f700000|100%| E|CS|TAMS 0x000000070f600000, 0x000000070f600000| Complete 
| 247|0x000000070f700000, 0x000000070f800000, 0x000000070f800000|100%| E|CS|TAMS 0x000000070f700000, 0x000000070f700000| Complete 
| 248|0x000000070f800000, 0x000000070f900000, 0x000000070f900000|100%| E|CS|TAMS 0x000000070f800000, 0x000000070f800000| Complete 
| 249|0x000000070f900000, 0x000000070fa00000, 0x000000070fa00000|100%| E|CS|TAMS 0x000000070f900000, 0x000000070f900000| Complete 
| 250|0x000000070fa00000, 0x000000070fb00000, 0x000000070fb00000|100%| E|CS|TAMS 0x000000070fa00000, 0x000000070fa00000| Complete 
| 251|0x000000070fb00000, 0x000000070fc00000, 0x000000070fc00000|100%| E|CS|TAMS 0x000000070fb00000, 0x000000070fb00000| Complete 
| 252|0x000000070fc00000, 0x000000070fd00000, 0x000000070fd00000|100%| E|CS|TAMS 0x000000070fc00000, 0x000000070fc00000| Complete 
| 253|0x000000070fd00000, 0x000000070fe00000, 0x000000070fe00000|100%| E|CS|TAMS 0x000000070fd00000, 0x000000070fd00000| Complete 
| 254|0x000000070fe00000, 0x000000070ff00000, 0x000000070ff00000|100%| E|CS|TAMS 0x000000070fe00000, 0x000000070fe00000| Complete 
| 255|0x000000070ff00000, 0x0000000710000000, 0x0000000710000000|100%| E|CS|TAMS 0x000000070ff00000, 0x000000070ff00000| Complete 
|3070|0x00000007bfe00000, 0x00000007bfe46000, 0x00000007bff00000| 27%|OA|  |TAMS 0x00000007bfe00000, 0x00000007bfe00000| Untracked 
|3071|0x00000007bff00000, 0x00000007bff6f000, 0x00000007c0000000| 43%|CA|  |TAMS 0x00000007bff00000, 0x00000007bff00000| Untracked 

Card table byte_map: [0x000000011ffc3000,0x00000001207c3000] _byte_map_base: 0x000000011c7c3000

Marking Bits (Prev, Next): (CMBitMap*) 0x00007fb356800018, (CMBitMap*) 0x00007fb356800058
 Prev Bits: [0x0000000120fc3000, 0x0000000124fc3000)
 Next Bits: [0x0000000124fc3000, 0x0000000128fc3000)

Polling page: 0x0000000104b47000

Metaspace:

Usage:
  Non-class:      7.07 MB capacity,     5.86 MB ( 83%) used,     1.19 MB ( 17%) free+waste,    16.00 KB ( <1%) overhead. 
      Class:    989.00 KB capacity,   854.84 KB ( 86%) used,   125.79 KB ( 13%) free+waste,     8.38 KB ( <1%) overhead. 
       Both:      8.04 MB capacity,     6.69 MB ( 83%) used,     1.32 MB ( 16%) free+waste,    24.38 KB ( <1%) overhead. 

Virtual space:
  Non-class space:        8.00 MB reserved,       7.25 MB ( 91%) committed 
      Class space:        1.00 GB reserved,       1.00 MB ( <1%) committed 
             Both:        1.01 GB reserved,       8.25 MB ( <1%) committed 

Chunk freelists:
   Non-Class:  0 bytes
       Class:  0 bytes
        Both:  0 bytes

CodeHeap 'non-profiled nmethods': size=120032Kb used=401Kb max_used=401Kb free=119630Kb
 bounds [0x000000011828b000, 0x00000001184fb000, 0x000000011f7c3000]
CodeHeap 'profiled nmethods': size=120028Kb used=2126Kb max_used=2126Kb free=117902Kb
 bounds [0x0000000110d54000, 0x0000000110fc4000, 0x000000011828b000]
CodeHeap 'non-nmethods': size=5700Kb used=1138Kb max_used=1157Kb free=4561Kb
 bounds [0x00000001107c3000, 0x0000000110a33000, 0x0000000110d54000]
 total_blobs=1804 nmethods=1100 adapters=382
 compilation: enabled
              stopped_count=0, restarted_count=0
 full_count=0

Compilation events (10 events):
Event: 0.818 Thread 0x00007fb35908e000 nmethod 1097 0x00000001182edc10 code [0x00000001182edda0, 0x00000001182ede58]
Event: 0.818 Thread 0x00007fb35908e000 1086       4       jdk.internal.misc.Unsafe::getReferenceAcquire (7 bytes)
Event: 0.819 Thread 0x00007fb35908e000 nmethod 1086 0x00000001182edf10 code [0x00000001182ee0a0, 0x00000001182ee158]
Event: 0.819 Thread 0x00007fb35908e000 1099 %     4       org.raytracer.BatchScene$Companion::batchIntersectionPoint @ 109 (546 bytes)
Event: 0.823 Thread 0x00007fb358025000 nmethod 1098% 0x00000001182ee210 code [0x00000001182ee3e0, 0x00000001182eeae8]
Event: 0.837 Thread 0x00007fb359000000 1100       3       java.util.LinkedHashMap$LinkedHashIterator::hasNext (13 bytes)
Event: 0.838 Thread 0x00007fb359000000 nmethod 1100 0x0000000110f67410 code [0x0000000110f675c0, 0x0000000110f67790]
Event: 0.840 Thread 0x00007fb359000000 1101       1       com.aparapi.internal.kernel.KernelArg::setType (6 bytes)
Event: 0.841 Thread 0x00007fb359000000 nmethod 1101 0x00000001182ef210 code [0x00000001182ef3c0, 0x00000001182ef4f0]
Event: 0.856 Thread 0x00007fb358025000 1102 %     4       org.raytracer.BatchScene$Companion::batchIsWithinTriangle @ 332 (761 bytes)

GC Heap History (4 events):
Event: 0.387 GC heap before
{Heap before GC invocations=0 (full 0):
 garbage-first heap   total 264192K, used 32468K [0x0000000700000000, 0x0000000800000000)
  region size 1024K, 24 young (24576K), 0 survivors (0K)
 Metaspace       used 4171K, capacity 6308K, committed 6528K, reserved 1056768K
  class space    used 355K, capacity 572K, committed 640K, reserved 1048576K
}
Event: 0.400 GC heap after
{Heap after GC invocations=1 (full 0):
 garbage-first heap   total 264192K, used 24036K [0x0000000700000000, 0x0000000800000000)
  region size 1024K, 3 young (3072K), 3 survivors (3072K)
 Metaspace       used 4171K, capacity 6308K, committed 6528K, reserved 1056768K
  class space    used 355K, capacity 572K, committed 640K, reserved 1048576K
}
Event: 0.668 GC heap before
{Heap before GC invocations=1 (full 0):
 garbage-first heap   total 264192K, used 40420K [0x0000000700000000, 0x0000000800000000)
  region size 1024K, 18 young (18432K), 3 survivors (3072K)
 Metaspace       used 6478K, capacity 7982K, committed 8192K, reserved 1056768K
  class space    used 803K, capacity 934K, committed 1024K, reserved 1048576K
}
Event: 0.675 GC heap after
{Heap after GC invocations=2 (full 0):
 garbage-first heap   total 264192K, used 31813K [0x0000000700000000, 0x0000000800000000)
  region size 1024K, 3 young (3072K), 3 survivors (3072K)
 Metaspace       used 6478K, capacity 7982K, committed 8192K, reserved 1056768K
  class space    used 803K, capacity 934K, committed 1024K, reserved 1048576K
}

Deoptimization events (10 events):
Event: 0.196 Thread 0x00007fb356001000 Uncommon trap: reason=bimorphic_or_optimized_type_check action=maybe_recompile pc=0x0000000118294fa4 method=java.util.AbstractCollection.isEmpty()Z @ 1 c2
Event: 0.196 Thread 0x00007fb356001000 Uncommon trap: reason=bimorphic_or_optimized_type_check action=maybe_recompile pc=0x0000000118294fa4 method=java.util.AbstractCollection.isEmpty()Z @ 1 c2
Event: 0.197 Thread 0x00007fb356001000 Uncommon trap: reason=bimorphic_or_optimized_type_check action=maybe_recompile pc=0x0000000118294fa4 method=java.util.AbstractCollection.isEmpty()Z @ 1 c2
Event: 0.197 Thread 0x00007fb356001000 Uncommon trap: reason=bimorphic_or_optimized_type_check action=maybe_recompile pc=0x0000000118294fa4 method=java.util.AbstractCollection.isEmpty()Z @ 1 c2
Event: 0.239 Thread 0x00007fb356001000 Uncommon trap: reason=unstable_if action=reinterpret pc=0x000000011829d35c method=org.raytracer.Scene$Companion.buildViewPlaneAngles(IFII)[[Lorg/raytracer/Point; @ 12 c2
Event: 0.304 Thread 0x00007fb356001000 Uncommon trap: reason=unstable_if action=reinterpret pc=0x00000001182979d0 method=java.util.HashMap.putVal(ILjava/lang/Object;Ljava/lang/Object;ZZ)Ljava/lang/Object; @ 181 c2
Event: 0.354 Thread 0x00007fb356001000 Uncommon trap: reason=unstable_if action=reinterpret pc=0x000000011828f924 method=java.lang.String.isLatin1()Z @ 10 c2
Event: 0.445 Thread 0x00007fb356001000 Uncommon trap: reason=unstable_if action=reinterpret pc=0x00000001182c0e04 method=java.lang.StringLatin1.replace([BCC)Ljava/lang/String; @ 19 c2
Event: 0.824 Thread 0x00007fb356001000 Uncommon trap: reason=unstable_if action=reinterpret pc=0x00000001182abff8 method=org.raytracer.BatchScene$Companion.batchIntersectionPoint(Lorg/raytracer/Triangle;[[Lorg/raytracer/Point;Lorg/raytracer/Point;)[[Lorg/raytracer/Point; @ 186 c2
Event: 0.861 Thread 0x00007fb356001000 Uncommon trap: reason=unstable_if action=reinterpret pc=0x00000001182ddfb8 method=org.raytracer.BatchScene$Companion.batchIsWithinTriangle(Lorg/raytracer/Triangle;[[Lorg/raytracer/Point;Lorg/raytracer/Point;)[[Ljava/lang/Float; @ 409 c2

Classes redefined (0 events):
No events

Internal exceptions (5 events):
Event: 0.187 Thread 0x00007fb356001000 Exception <a 'java/lang/ClassNotFoundException'{0x000000070f208528}: sun/awt/resources/spi/awtProvider> (0x000000070f208528) thrown at [/scratch/mesos/slaves/07fc96ef-bf4d-487f-b22f-a84e49f5f44a-S133114/frameworks/1735e8a2-a1db-478c-8104-60c8b0af87dd-0196
Event: 0.206 Thread 0x00007fb356001000 Exception <a 'java/io/FileNotFoundException'{0x000000070f2528d0}> (0x000000070f2528d0) thrown at [/scratch/mesos/slaves/07fc96ef-bf4d-487f-b22f-a84e49f5f44a-S133114/frameworks/1735e8a2-a1db-478c-8104-60c8b0af87dd-0196/executors/2a6e3cf3-77d0-49b8-bc84-3de
Event: 0.222 Thread 0x00007fb356001000 Exception <a 'java/io/FileNotFoundException'{0x000000070f2bf210}> (0x000000070f2bf210) thrown at [/scratch/mesos/slaves/07fc96ef-bf4d-487f-b22f-a84e49f5f44a-S133114/frameworks/1735e8a2-a1db-478c-8104-60c8b0af87dd-0196/executors/2a6e3cf3-77d0-49b8-bc84-3de
Event: 0.365 Thread 0x00007fb356001000 Exception <a 'java/lang/NoSuchMethodError'{0x000000070e9cc688}: java.lang.invoke.DirectMethodHandle$Holder.invokeStaticInit(Ljava/lang/Object;Ljava/lang/Object;Ljava/lang/Object;)I> (0x000000070e9cc688) thrown at [/scratch/mesos/slaves/07fc96ef-bf4d-487f-
Event: 0.784 Thread 0x00007fb356001000 Exception <a 'java/lang/ClassNotFoundException'{0x000000070fcb4bc8}: sun/util/logging/resources/spi/loggingProvider> (0x000000070fcb4bc8) thrown at [/scratch/mesos/slaves/07fc96ef-bf4d-487f-b22f-a84e49f5f44a-S133114/frameworks/1735e8a2-a1db-478c-8104-60c8

Events (10 events):
Event: 0.823 Thread 0x00007fb356001000 DEOPT PACKING pc=0x0000000110ddb2e6 sp=0x000070001014e580
Event: 0.823 Thread 0x00007fb356001000 DEOPT UNPACKING pc=0x00000001107ec1ba sp=0x000070001014daa8 mode 0
Event: 0.824 Thread 0x00007fb356001000 Uncommon trap: trap_request=0xffffff4d fr.pc=0x00000001182abff8 relative=0x00000000000005b8
Event: 0.824 Thread 0x00007fb356001000 DEOPT PACKING pc=0x00000001182abff8 sp=0x000070001014e6b0
Event: 0.824 Thread 0x00007fb356001000 DEOPT UNPACKING pc=0x00000001107ec3a5 sp=0x000070001014e5a8 mode 2
Event: 0.859 Thread 0x00007fb356001000 DEOPT PACKING pc=0x0000000110f0ddeb sp=0x000070001014e490
Event: 0.859 Thread 0x00007fb356001000 DEOPT UNPACKING pc=0x00000001107ec1ba sp=0x000070001014d9f8 mode 0
Event: 0.861 Thread 0x00007fb356001000 Uncommon trap: trap_request=0xffffff4d fr.pc=0x00000001182ddfb8 relative=0x0000000000000a78
Event: 0.861 Thread 0x00007fb356001000 DEOPT PACKING pc=0x00000001182ddfb8 sp=0x000070001014e660
Event: 0.861 Thread 0x00007fb356001000 DEOPT UNPACKING pc=0x00000001107ec3a5 sp=0x000070001014e4f8 mode 2


Dynamic libraries:
0x00007fff6c64f000 	/usr/lib/libz.1.dylib
0x0000000104ad1000 	/Library/Java/JavaVirtualMachines/openjdk-12.0.1.jdk/Contents/Home/lib/libjli.dylib
0x00007fff40325000 	/System/Library/Frameworks/Cocoa.framework/Versions/A/Cocoa
0x00007fff4c007000 	/System/Library/Frameworks/Security.framework/Versions/A/Security
0x00007fff3efba000 	/System/Library/Frameworks/ApplicationServices.framework/Versions/A/ApplicationServices
0x00007fff69d7f000 	/usr/lib/libSystem.B.dylib
0x00007fff6ce3e000 	/usr/lib/system/libcache.dylib
0x00007fff6ce43000 	/usr/lib/system/libcommonCrypto.dylib
0x00007fff6ce4e000 	/usr/lib/system/libcompiler_rt.dylib
0x00007fff6ce56000 	/usr/lib/system/libcopyfile.dylib
0x00007fff6ce60000 	/usr/lib/system/libcorecrypto.dylib
0x00007fff6cf6b000 	/usr/lib/system/libdispatch.dylib
0x00007fff6cfa5000 	/usr/lib/system/libdyld.dylib
0x00007fff6cfd2000 	/usr/lib/system/libkeymgr.dylib
0x00007fff6cfe0000 	/usr/lib/system/liblaunch.dylib
0x00007fff6cfe1000 	/usr/lib/system/libmacho.dylib
0x00007fff6cfe7000 	/usr/lib/system/libquarantine.dylib
0x00007fff6cfea000 	/usr/lib/system/libremovefile.dylib
0x00007fff6cfec000 	/usr/lib/system/libsystem_asl.dylib
0x00007fff6d004000 	/usr/lib/system/libsystem_blocks.dylib
0x00007fff6d005000 	/usr/lib/system/libsystem_c.dylib
0x00007fff6d08d000 	/usr/lib/system/libsystem_configuration.dylib
0x00007fff6d091000 	/usr/lib/system/libsystem_coreservices.dylib
0x00007fff6d095000 	/usr/lib/system/libsystem_darwin.dylib
0x00007fff6d09c000 	/usr/lib/system/libsystem_dnssd.dylib
0x00007fff6d0a3000 	/usr/lib/system/libsystem_info.dylib
0x00007fff6d118000 	/usr/lib/system/libsystem_m.dylib
0x00007fff6d164000 	/usr/lib/system/libsystem_malloc.dylib
0x00007fff6d189000 	/usr/lib/system/libsystem_networkextension.dylib
0x00007fff6d194000 	/usr/lib/system/libsystem_notify.dylib
0x00007fff6d1b1000 	/usr/lib/system/libsystem_sandbox.dylib
0x00007fff6d1b5000 	/usr/lib/system/libsystem_secinit.dylib
0x00007fff6d0ef000 	/usr/lib/system/libsystem_kernel.dylib
0x00007fff6d19c000 	/usr/lib/system/libsystem_platform.dylib
0x00007fff6d1a6000 	/usr/lib/system/libsystem_pthread.dylib
0x00007fff6d1b8000 	/usr/lib/system/libsystem_symptoms.dylib
0x00007fff6d1c0000 	/usr/lib/system/libsystem_trace.dylib
0x00007fff6d1d7000 	/usr/lib/system/libunwind.dylib
0x00007fff6d1dd000 	/usr/lib/system/libxpc.dylib
0x00007fff6b779000 	/usr/lib/libobjc.A.dylib
0x00007fff6a016000 	/usr/lib/libc++abi.dylib
0x00007fff69fc2000 	/usr/lib/libc++.1.dylib
0x00007fff40b0d000 	/System/Library/Frameworks/CoreFoundation.framework/Versions/A/CoreFoundation
0x00007fff42d81000 	/System/Library/Frameworks/Foundation.framework/Versions/C/Foundation
0x00007fff3e1b3000 	/System/Library/Frameworks/AppKit.framework/Versions/C/AppKit
0x00007fff406a0000 	/System/Library/Frameworks/CoreData.framework/Versions/A/CoreData
0x00007fff638ce000 	/System/Library/PrivateFrameworks/RemoteViewServices.framework/Versions/A/RemoteViewServices
0x00007fff67ac2000 	/System/Library/PrivateFrameworks/UIFoundation.framework/Versions/A/UIFoundation
0x00007fff691a4000 	/System/Library/PrivateFrameworks/XCTTargetBootstrap.framework/Versions/A/XCTTargetBootstrap
0x00007fff5e70b000 	/System/Library/PrivateFrameworks/IconServices.framework/Versions/A/IconServices
0x00007fff4569a000 	/System/Library/Frameworks/Metal.framework/Versions/A/Metal
0x00007fff55c96000 	/System/Library/PrivateFrameworks/DesktopServicesPriv.framework/Versions/A/DesktopServicesPriv
0x00007fff6aadf000 	/usr/lib/libenergytrace.dylib
0x00007fff65fb1000 	/System/Library/PrivateFrameworks/SkyLight.framework/Versions/A/SkyLight
0x00007fff40f52000 	/System/Library/Frameworks/CoreGraphics.framework/Versions/A/CoreGraphics
0x00007fff3cf7f000 	/System/Library/Frameworks/Accelerate.framework/Versions/A/Accelerate
0x00007fff434c7000 	/System/Library/Frameworks/IOSurface.framework/Versions/A/IOSurface
0x00007fff55b02000 	/System/Library/PrivateFrameworks/DFRFoundation.framework/Versions/A/DFRFoundation
0x00007fff3f49d000 	/System/Library/Frameworks/AudioToolbox.framework/Versions/A/AudioToolbox
0x00007fff3f716000 	/System/Library/Frameworks/AudioUnit.framework/Versions/A/AudioUnit
0x00007fff55b97000 	/System/Library/PrivateFrameworks/DataDetectorsCore.framework/Versions/A/DataDetectorsCore
0x00007fff3fe29000 	/System/Library/Frameworks/Carbon.framework/Versions/A/Frameworks/HIToolbox.framework/Versions/A/HIToolbox
0x00007fff6ac38000 	/usr/lib/libicucore.A.dylib
0x00007fff4b57e000 	/System/Library/Frameworks/QuartzCore.framework/Versions/A/QuartzCore
0x00007fff401fd000 	/System/Library/Frameworks/Carbon.framework/Versions/A/Frameworks/SpeechRecognition.framework/Versions/A/SpeechRecognition
0x00007fff69ed3000 	/usr/lib/libauto.dylib
0x00007fff6c543000 	/usr/lib/libxml2.2.dylib
0x00007fff556e2000 	/System/Library/PrivateFrameworks/CoreUI.framework/Versions/A/CoreUI
0x00007fff4058b000 	/System/Library/Frameworks/CoreAudio.framework/Versions/A/CoreAudio
0x00007fff42bbd000 	/System/Library/Frameworks/DiskArbitration.framework/Versions/A/DiskArbitration
0x00007fff6aee5000 	/usr/lib/liblangid.dylib
0x00007fff5fb0a000 	/System/Library/PrivateFrameworks/MultitouchSupport.framework/Versions/A/MultitouchSupport
0x00007fff43436000 	/System/Library/Frameworks/IOKit.framework/Versions/A/IOKit
0x00007fff69940000 	/usr/lib/libDiagnosticMessagesClient.dylib
0x00007fff41d5e000 	/System/Library/Frameworks/CoreServices.framework/Versions/A/CoreServices
0x00007fff616e0000 	/System/Library/PrivateFrameworks/PerformanceAnalysis.framework/Versions/A/PerformanceAnalysis
0x00007fff4a76e000 	/System/Library/Frameworks/OpenGL.framework/Versions/A/OpenGL
0x00007fff40333000 	/System/Library/Frameworks/ColorSync.framework/Versions/A/ColorSync
0x00007fff415e3000 	/System/Library/Frameworks/CoreImage.framework/Versions/A/CoreImage
0x00007fff42737000 	/System/Library/Frameworks/CoreText.framework/Versions/A/CoreText
0x00007fff4352a000 	/System/Library/Frameworks/ImageIO.framework/Versions/A/ImageIO
0x00007fff51d40000 	/System/Library/PrivateFrameworks/Backup.framework/Versions/A/Backup
0x00007fff69e26000 	/usr/lib/libarchive.2.dylib
0x00007fff3fa6e000 	/System/Library/Frameworks/CFNetwork.framework/Versions/A/CFNetwork
0x00007fff4c760000 	/System/Library/Frameworks/SystemConfiguration.framework/Versions/A/SystemConfiguration
0x00007fff69871000 	/usr/lib/libCRFSuite.dylib
0x00007fff69fa3000 	/usr/lib/libbsm.0.dylib
0x00007fff6cfd3000 	/usr/lib/system/libkxld.dylib
0x00007fff50f86000 	/System/Library/PrivateFrameworks/AppleFSCompression.framework/Versions/A/AppleFSCompression
0x00007fff69c3f000 	/usr/lib/libOpenScriptingUtil.dylib
0x00007fff6a2cb000 	/usr/lib/libcoretls.dylib
0x00007fff6a2e2000 	/usr/lib/libcoretls_cfhelpers.dylib
0x00007fff6bf10000 	/usr/lib/libpam.2.dylib
0x00007fff6c0d0000 	/usr/lib/libsqlite3.dylib
0x00007fff6c531000 	/usr/lib/libxar.1.dylib
0x00007fff69fb4000 	/usr/lib/libbz2.1.0.dylib
0x00007fff6aee7000 	/usr/lib/liblzma.5.dylib
0x00007fff6b398000 	/usr/lib/libnetwork.dylib
0x00007fff69e0f000 	/usr/lib/libapple_nghttp2.dylib
0x00007fff6bf17000 	/usr/lib/libpcap.A.dylib
0x00007fff420fd000 	/System/Library/Frameworks/CoreServices.framework/Versions/A/Frameworks/FSEvents.framework/Versions/A/FSEvents
0x00007fff41ddc000 	/System/Library/Frameworks/CoreServices.framework/Versions/A/Frameworks/CarbonCore.framework/Versions/A/CarbonCore
0x00007fff422b9000 	/System/Library/Frameworks/CoreServices.framework/Versions/A/Frameworks/Metadata.framework/Versions/A/Metadata
0x00007fff42358000 	/System/Library/Frameworks/CoreServices.framework/Versions/A/Frameworks/OSServices.framework/Versions/A/OSServices
0x00007fff423a3000 	/System/Library/Frameworks/CoreServices.framework/Versions/A/Frameworks/SearchKit.framework/Versions/A/SearchKit
0x00007fff41d5f000 	/System/Library/Frameworks/CoreServices.framework/Versions/A/Frameworks/AE.framework/Versions/A/AE
0x00007fff42106000 	/System/Library/Frameworks/CoreServices.framework/Versions/A/Frameworks/LaunchServices.framework/Versions/A/LaunchServices
0x00007fff420b4000 	/System/Library/Frameworks/CoreServices.framework/Versions/A/Frameworks/DictionaryServices.framework/Versions/A/DictionaryServices
0x00007fff4240b000 	/System/Library/Frameworks/CoreServices.framework/Versions/A/Frameworks/SharedFileList.framework/Versions/A/SharedFileList
0x00007fff46749000 	/System/Library/Frameworks/NetFS.framework/Versions/A/NetFS
0x00007fff5fd70000 	/System/Library/PrivateFrameworks/NetAuth.framework/Versions/A/NetAuth
0x00007fff695a8000 	/System/Library/PrivateFrameworks/login.framework/Versions/A/Frameworks/loginsupport.framework/Versions/A/loginsupport
0x00007fff676cb000 	/System/Library/PrivateFrameworks/TCC.framework/Versions/A/TCC
0x00007fff54d41000 	/System/Library/PrivateFrameworks/CoreNLP.framework/Versions/A/CoreNLP
0x00007fff5f80a000 	/System/Library/PrivateFrameworks/MetadataUtilities.framework/Versions/A/MetadataUtilities
0x00007fff6afbc000 	/usr/lib/libmecabra.dylib
0x00007fff3efbb000 	/System/Library/Frameworks/ApplicationServices.framework/Versions/A/Frameworks/ATS.framework/Versions/A/ATS
0x00007fff3f30a000 	/System/Library/Frameworks/ApplicationServices.framework/Versions/A/Frameworks/ColorSyncLegacy.framework/Versions/A/ColorSyncLegacy
0x00007fff3f3a9000 	/System/Library/Frameworks/ApplicationServices.framework/Versions/A/Frameworks/HIServices.framework/Versions/A/HIServices
0x00007fff3f3fc000 	/System/Library/Frameworks/ApplicationServices.framework/Versions/A/Frameworks/LangAnalysis.framework/Versions/A/LangAnalysis
0x00007fff3f40c000 	/System/Library/Frameworks/ApplicationServices.framework/Versions/A/Frameworks/PrintCore.framework/Versions/A/PrintCore
0x00007fff3f456000 	/System/Library/Frameworks/ApplicationServices.framework/Versions/A/Frameworks/QD.framework/Versions/A/QD
0x00007fff3f490000 	/System/Library/Frameworks/ApplicationServices.framework/Versions/A/Frameworks/SpeechSynthesis.framework/Versions/A/SpeechSynthesis
0x00007fff6a03e000 	/usr/lib/libcompression.dylib
0x00007fff40a25000 	/System/Library/Frameworks/CoreDisplay.framework/Versions/A/CoreDisplay
0x00007fff45951000 	/System/Library/Frameworks/MetalPerformanceShaders.framework/Versions/A/MetalPerformanceShaders
0x00007fff3cf97000 	/System/Library/Frameworks/Accelerate.framework/Versions/A/Frameworks/vImage.framework/Versions/A/vImage
0x00007fff3e011000 	/System/Library/Frameworks/Accelerate.framework/Versions/A/Frameworks/vecLib.framework/Versions/A/vecLib
0x00007fff3df5d000 	/System/Library/Frameworks/Accelerate.framework/Versions/A/Frameworks/vecLib.framework/Versions/A/libvMisc.dylib
0x00007fff3dd75000 	/System/Library/Frameworks/Accelerate.framework/Versions/A/Frameworks/vecLib.framework/Versions/A/libvDSP.dylib
0x00007fff3d631000 	/System/Library/Frameworks/Accelerate.framework/Versions/A/Frameworks/vecLib.framework/Versions/A/libBLAS.dylib
0x00007fff3d91e000 	/System/Library/Frameworks/Accelerate.framework/Versions/A/Frameworks/vecLib.framework/Versions/A/libLAPACK.dylib
0x00007fff3dcc8000 	/System/Library/Frameworks/Accelerate.framework/Versions/A/Frameworks/vecLib.framework/Versions/A/libLinearAlgebra.dylib
0x00007fff3dd61000 	/System/Library/Frameworks/Accelerate.framework/Versions/A/Frameworks/vecLib.framework/Versions/A/libSparseBLAS.dylib
0x00007fff3dcde000 	/System/Library/Frameworks/Accelerate.framework/Versions/A/Frameworks/vecLib.framework/Versions/A/libQuadrature.dylib
0x00007fff3d8ab000 	/System/Library/Frameworks/Accelerate.framework/Versions/A/Frameworks/vecLib.framework/Versions/A/libBNNS.dylib
0x00007fff3dce4000 	/System/Library/Frameworks/Accelerate.framework/Versions/A/Frameworks/vecLib.framework/Versions/A/libSparse.dylib
0x00007fff5c07c000 	/System/Library/PrivateFrameworks/GPUWrangler.framework/Versions/A/GPUWrangler
0x00007fff5e340000 	/System/Library/PrivateFrameworks/IOAccelerator.framework/Versions/A/IOAccelerator
0x00007fff5e34b000 	/System/Library/PrivateFrameworks/IOPresentment.framework/Versions/A/IOPresentment
0x00007fff55b12000 	/System/Library/PrivateFrameworks/DSExternalDisplay.framework/Versions/A/DSExternalDisplay
0x00007fff49bc5000 	/System/Library/Frameworks/OpenGL.framework/Versions/A/Libraries/libCoreFSCache.dylib
0x00007fff45745000 	/System/Library/Frameworks/MetalPerformanceShaders.framework/Frameworks/MPSCore.framework/Versions/A/MPSCore
0x00007fff45765000 	/System/Library/Frameworks/MetalPerformanceShaders.framework/Frameworks/MPSImage.framework/Versions/A/MPSImage
0x00007fff4580a000 	/System/Library/Frameworks/MetalPerformanceShaders.framework/Frameworks/MPSNeuralNetwork.framework/Versions/A/MPSNeuralNetwork
0x00007fff457e2000 	/System/Library/Frameworks/MetalPerformanceShaders.framework/Frameworks/MPSMatrix.framework/Versions/A/MPSMatrix
0x00007fff45936000 	/System/Library/Frameworks/MetalPerformanceShaders.framework/Frameworks/MPSRayIntersector.framework/Versions/A/MPSRayIntersector
0x00007fff5f833000 	/System/Library/PrivateFrameworks/MetalTools.framework/Versions/A/MetalTools
0x00007fff50687000 	/System/Library/PrivateFrameworks/AggregateDictionary.framework/Versions/A/AggregateDictionary
0x00007fff69c20000 	/usr/lib/libMobileGestalt.dylib
0x00007fff4289a000 	/System/Library/Frameworks/CoreVideo.framework/Versions/A/CoreVideo
0x00007fff5ce86000 	/System/Library/PrivateFrameworks/GraphVisualizer.framework/Versions/A/GraphVisualizer
0x00007fff56d0c000 	/System/Library/PrivateFrameworks/FaceCore.framework/Versions/A/FaceCore
0x00007fff491f3000 	/System/Library/Frameworks/OpenCL.framework/Versions/A/OpenCL
0x00007fff69978000 	/usr/lib/libFosl_dynamic.dylib
0x00007fff605db000 	/System/Library/PrivateFrameworks/OTSVG.framework/Versions/A/OTSVG
0x00007fff3f0bf000 	/System/Library/Frameworks/ApplicationServices.framework/Versions/A/Frameworks/ATS.framework/Versions/A/Resources/libFontParser.dylib
0x00007fff3f1d7000 	/System/Library/Frameworks/ApplicationServices.framework/Versions/A/Frameworks/ATS.framework/Versions/A/Resources/libFontRegistry.dylib
0x00007fff43798000 	/System/Library/Frameworks/ImageIO.framework/Versions/A/Resources/libJPEG.dylib
0x00007fff43aaa000 	/System/Library/Frameworks/ImageIO.framework/Versions/A/Resources/libTIFF.dylib
0x00007fff43a80000 	/System/Library/Frameworks/ImageIO.framework/Versions/A/Resources/libPng.dylib
0x00007fff436b6000 	/System/Library/Frameworks/ImageIO.framework/Versions/A/Resources/libGIF.dylib
0x00007fff436bb000 	/System/Library/Frameworks/ImageIO.framework/Versions/A/Resources/libJP2.dylib
0x00007fff43aa7000 	/System/Library/Frameworks/ImageIO.framework/Versions/A/Resources/libRadiance.dylib
0x00007fff510db000 	/System/Library/PrivateFrameworks/AppleJPEG.framework/Versions/A/AppleJPEG
0x00007fff49bd0000 	/System/Library/Frameworks/OpenGL.framework/Versions/A/Libraries/libGFXShared.dylib
0x00007fff49d93000 	/System/Library/Frameworks/OpenGL.framework/Versions/A/Libraries/libGLU.dylib
0x00007fff49bd9000 	/System/Library/Frameworks/OpenGL.framework/Versions/A/Libraries/libGL.dylib
0x00007fff49be5000 	/System/Library/Frameworks/OpenGL.framework/Versions/A/Libraries/libGLImage.dylib
0x00007fff49bc2000 	/System/Library/Frameworks/OpenGL.framework/Versions/A/Libraries/libCVMSPluginSupport.dylib
0x00007fff49bcb000 	/System/Library/Frameworks/OpenGL.framework/Versions/A/Libraries/libCoreVMClient.dylib
0x00007fff6a955000 	/usr/lib/libcups.2.dylib
0x00007fff44c6d000 	/System/Library/Frameworks/Kerberos.framework/Versions/A/Kerberos
0x00007fff4319d000 	/System/Library/Frameworks/GSS.framework/Versions/A/GSS
0x00007fff6c065000 	/usr/lib/libresolv.9.dylib
0x00007fff6ab47000 	/usr/lib/libiconv.2.dylib
0x00007fff5cfe2000 	/System/Library/PrivateFrameworks/Heimdal.framework/Versions/A/Heimdal
0x00007fff6ab17000 	/usr/lib/libheimdal-asn1.dylib
0x00007fff49267000 	/System/Library/Frameworks/OpenDirectory.framework/Versions/A/OpenDirectory
0x00007fff53aa8000 	/System/Library/PrivateFrameworks/CommonAuth.framework/Versions/A/CommonAuth
0x00007fff4924b000 	/System/Library/Frameworks/OpenDirectory.framework/Versions/A/Frameworks/CFOpenDirectory.framework/Versions/A/CFOpenDirectory
0x00007fff4c306000 	/System/Library/Frameworks/SecurityFoundation.framework/Versions/A/SecurityFoundation
0x00007fff4fbe2000 	/System/Library/PrivateFrameworks/APFS.framework/Versions/A/APFS
0x00007fff6c52d000 	/usr/lib/libutil.dylib
0x00007fff6a02c000 	/usr/lib/libcharset.1.dylib
0x00007fff51378000 	/System/Library/PrivateFrameworks/AppleSauce.framework/Versions/A/AppleSauce
0x00007fff514f9000 	/System/Library/PrivateFrameworks/AssertionServices.framework/Versions/A/AssertionServices
0x00007fff51dd6000 	/System/Library/PrivateFrameworks/BaseBoard.framework/Versions/A/BaseBoard
0x00007fff6af17000 	/usr/lib/libmecab.1.0.0.dylib
0x00007fff6ab11000 	/usr/lib/libgermantok.dylib
0x00007fff69dfc000 	/usr/lib/libThaiTokenizer.dylib
0x00007fff698a8000 	/usr/lib/libChineseTokenizer.dylib
0x00007fff5e9f7000 	/System/Library/PrivateFrameworks/LanguageModeling.framework/Versions/A/LanguageModeling
0x00007fff54787000 	/System/Library/PrivateFrameworks/CoreEmoji.framework/Versions/A/CoreEmoji
0x00007fff5ead3000 	/System/Library/PrivateFrameworks/Lexicon.framework/Versions/A/Lexicon
0x00007fff5eb16000 	/System/Library/PrivateFrameworks/LinguisticData.framework/Versions/A/LinguisticData
0x00007fff6a02d000 	/usr/lib/libcmph.dylib
0x00007fff4c3c4000 	/System/Library/Frameworks/ServiceManagement.framework/Versions/A/ServiceManagement
0x00007fff51d37000 	/System/Library/PrivateFrameworks/BackgroundTaskManagement.framework/Versions/A/BackgroundTaskManagement
0x00007fff6c626000 	/usr/lib/libxslt.1.dylib
0x00007fff4012a000 	/System/Library/Frameworks/Carbon.framework/Versions/A/Frameworks/Ink.framework/Versions/A/Ink
0x00007fff6793d000 	/System/Library/PrivateFrameworks/TextureIO.framework/Versions/A/TextureIO
0x00007fff69e50000 	/usr/lib/libate.dylib
0x00007fff55a62000 	/System/Library/PrivateFrameworks/CrashReporterSupport.framework/Versions/A/CrashReporterSupport
0x00007fff650ef000 	/System/Library/PrivateFrameworks/Sharing.framework/Versions/A/Sharing
0x00007fff518d8000 	/System/Library/PrivateFrameworks/AuthKit.framework/Versions/A/AuthKit
0x00007fff50c82000 	/System/Library/PrivateFrameworks/Apple80211.framework/Versions/A/Apple80211
0x00007fff5580e000 	/System/Library/PrivateFrameworks/CoreUtils.framework/Versions/A/CoreUtils
0x00007fff428d8000 	/System/Library/Frameworks/CoreWLAN.framework/Versions/A/CoreWLAN
0x00007fff432cc000 	/System/Library/Frameworks/IOBluetooth.framework/Versions/A/IOBluetooth
0x00007fff6357f000 	/System/Library/PrivateFrameworks/ProtocolBuffer.framework/Versions/A/ProtocolBuffer
0x00007fff5fa68000 	/System/Library/PrivateFrameworks/MobileKeyBag.framework/Versions/A/MobileKeyBag
0x00007fff55054000 	/System/Library/PrivateFrameworks/CorePhoneNumbers.framework/Versions/A/CorePhoneNumbers
0x00007fff5108f000 	/System/Library/PrivateFrameworks/AppleIDAuthSupport.framework/Versions/A/AppleIDAuthSupport
0x00007fff5e9ca000 	/System/Library/PrivateFrameworks/KeychainCircle.framework/Versions/A/KeychainCircle
0x00007fff63735000 	/System/Library/PrivateFrameworks/ROCKit.framework/Versions/A/ROCKit
0x00007fff559fe000 	/System/Library/PrivateFrameworks/CoreWiFi.framework/Versions/A/CoreWiFi
0x00007fff40675000 	/System/Library/Frameworks/CoreBluetooth.framework/Versions/A/CoreBluetooth
0x00007fff55c58000 	/System/Library/PrivateFrameworks/DebugSymbols.framework/Versions/A/DebugSymbols
0x00007fff555cf000 	/System/Library/PrivateFrameworks/CoreSymbolication.framework/Versions/A/CoreSymbolication
0x00007fff67159000 	/System/Library/PrivateFrameworks/Symbolication.framework/Versions/A/Symbolication
0x00007fff669fc000 	/System/Library/PrivateFrameworks/SpeechRecognitionCore.framework/Versions/A/SpeechRecognitionCore
0x0000000106400000 	/Library/Java/JavaVirtualMachines/openjdk-12.0.1.jdk/Contents/Home/lib/server/libjvm.dylib
0x0000000104b00000 	/Library/Java/JavaVirtualMachines/openjdk-12.0.1.jdk/Contents/Home/lib/libverify.dylib
0x0000000104b0c000 	/Library/Java/JavaVirtualMachines/openjdk-12.0.1.jdk/Contents/Home/lib/libjava.dylib
0x0000000104b49000 	/Library/Java/JavaVirtualMachines/openjdk-12.0.1.jdk/Contents/Home/lib/libinstrument.dylib
0x0000000104bcc000 	/Library/Java/JavaVirtualMachines/openjdk-12.0.1.jdk/Contents/Home/lib/libzip.dylib
0x0000000104bd4000 	/Library/Java/JavaVirtualMachines/openjdk-12.0.1.jdk/Contents/Home/lib/libjimage.dylib
0x000000012bf6e000 	/Library/Java/JavaVirtualMachines/openjdk-12.0.1.jdk/Contents/Home/lib/libnio.dylib
0x000000012bf7c000 	/Library/Java/JavaVirtualMachines/openjdk-12.0.1.jdk/Contents/Home/lib/./libnet.dylib
0x0000000104bfd000 	/Library/Java/JavaVirtualMachines/openjdk-12.0.1.jdk/Contents/Home/lib/libextnet.dylib
0x000000012c0f6000 	/Library/Java/JavaVirtualMachines/openjdk-12.0.1.jdk/Contents/Home/lib/libawt.dylib
0x000000012c18b000 	/Library/Java/JavaVirtualMachines/openjdk-12.0.1.jdk/Contents/Home/lib/./libmlib_image.dylib
0x00007fff44c56000 	/System/Library/Frameworks/JavaVM.framework/Versions/A/Frameworks/JavaNativeFoundation.framework/Versions/A/JavaNativeFoundation
0x00007fff44c5f000 	/System/Library/Frameworks/JavaVM.framework/Versions/A/Frameworks/JavaRuntimeSupport.framework/Versions/A/JavaRuntimeSupport
0x00007fff44c68000 	/System/Library/Frameworks/JavaVM.framework/Versions/A/JavaVM
0x00007fff5e8e9000 	/System/Library/PrivateFrameworks/JavaLaunching.framework/Versions/A/JavaLaunching
0x00007fff3fe24000 	/System/Library/Frameworks/Carbon.framework/Versions/A/Carbon
0x00007fff3fe25000 	/System/Library/Frameworks/Carbon.framework/Versions/A/Frameworks/CommonPanels.framework/Versions/A/CommonPanels
0x00007fff40120000 	/System/Library/Frameworks/Carbon.framework/Versions/A/Frameworks/Help.framework/Versions/A/Help
0x00007fff40124000 	/System/Library/Frameworks/Carbon.framework/Versions/A/Frameworks/ImageCapture.framework/Versions/A/ImageCapture
0x00007fff401c0000 	/System/Library/Frameworks/Carbon.framework/Versions/A/Frameworks/OpenScripting.framework/Versions/A/OpenScripting
0x00007fff401f8000 	/System/Library/Frameworks/Carbon.framework/Versions/A/Frameworks/Print.framework/Versions/A/Print
0x00007fff401fa000 	/System/Library/Frameworks/Carbon.framework/Versions/A/Frameworks/SecurityHI.framework/Versions/A/SecurityHI
0x000000012c1f0000 	/Library/Java/JavaVirtualMachines/openjdk-12.0.1.jdk/Contents/Home/lib/libawt_lwawt.dylib
0x000000012c29a000 	/Library/Java/JavaVirtualMachines/openjdk-12.0.1.jdk/Contents/Home/lib/./libosxapp.dylib
0x00007fff42d5a000 	/System/Library/Frameworks/ExceptionHandling.framework/Versions/A/ExceptionHandling
0x000000012c2bc000 	/private/var/folders/3g/97wfz9ws4_d7210nnhgnk4prdx4zjv/T/libaparapi_x86_646117530971914033767.dylib
0x00007fff491ea000 	/System/Library/Frameworks/OpenCL.framework/Versions/A/Libraries/libcldcpuengine.dylib
0x00007fff6a481000 	/usr/lib/libcrypto.35.dylib
0x00007fff67abb000 	/System/Library/PrivateFrameworks/TrustEvaluationAgent.framework/Versions/A/TrustEvaluationAgent
0x00007fff551d8000 	/System/Library/PrivateFrameworks/CoreServicesInternal.framework/Versions/A/CoreServicesInternal
0x00007fff39370000 	/System/Library/Extensions/AppleIntelKBLGraphicsGLDriver.bundle/Contents/MacOS/AppleIntelKBLGraphicsGLDriver
0x00007fff49c20000 	/System/Library/Frameworks/OpenGL.framework/Versions/A/Libraries/libGLProgrammability.dylib
0x00007fff5c070000 	/System/Library/PrivateFrameworks/GPUSupport.framework/Versions/A/Libraries/libGPUSupportMercury.dylib
0x000000012c75f000 	/System/Library/Extensions/AMDRadeonX4000GLDriver.bundle/Contents/MacOS/AMDRadeonX4000GLDriver
0x00007fff35a9f000 	/System/Library/Extensions/AMDRadeonX4000GLDriver.bundle/Contents/MacOS/ATIRadeonX4000SCLib.dylib
0x00007fff4a914000 	/System/Library/Frameworks/OpenGL.framework/Versions/A/Resources/GLRendererFloat.bundle/GLRendererFloat


VM Arguments:
jvm_args: -javaagent:/Applications/IntelliJ IDEA.app/Contents/lib/idea_rt.jar=62572:/Applications/IntelliJ IDEA.app/Contents/bin -Dfile.encoding=UTF-8 
java_command: org.raytracer.ViewKt
java_class_path (initial): /Users/alexander.gunning/MessArounds/RayTracer/build/classes/kotlin/main:/Users/alexander.gunning/.gradle/caches/modules-2/files-2.1/com.aparapi/aparapi/2.0.0/5dddce3aafa74b9a4e4fe4e5cf6681bb4cedda4c/aparapi-2.0.0.jar:/Users/alexander.gunning/.gradle/caches/modules-2/files-2.1/org.jetbrains.kotlin/kotlin-stdlib/1.4.10/ea29e063d2bbe695be13e9d044dcfb0c7add398e/kotlin-stdlib-1.4.10.jar:/Users/alexander.gunning/.gradle/caches/modules-2/files-2.1/com.aparapi/aparapi-jni/1.4.2/bb51591a1b10491440c6f212839f4eb401fea4a6/aparapi-jni-1.4.2.jar:/Users/alexander.gunning/.gradle/caches/modules-2/files-2.1/org.apache.bcel/bcel/6.4.1/96ea7ecd3d0058d73f7794f4752030cf9ff19a5/bcel-6.4.1.jar:/Users/alexander.gunning/.gradle/caches/modules-2/files-2.1/org.scala-lang/scala-library/2.13.1/1418c956704990564fb9dfac5960647ca54b5a91/scala-library-2.13.1.jar:/Users/alexander.gunning/.gradle/caches/modules-2/files-2.1/org.jetbrains.kotlinx/kotlinx-coroutines-core-jvm/1.3.9/4be434f5e86c1998a273e7f19a7286440894f0b0/kotlinx-coroutines-core-jvm-1.3.9.jar:/Users/alexander.gunning/.gradle/caches/modules-2/files-2.1/org.jetbrains.kotlin/kotlin-stdlib-common/1.4.10/6229be3465805c99db1142ad75e6c6ddeac0b04c/kotlin-stdlib-common-1.4.10.jar:/Users/alexander.gunning/.gradle/caches/modules-2/files-2.1/org.jetbrains/annotations/13.0/919f0dfe192fb4e063e7dacadee7f8bb9a2672a9/annotations-13.0.jar
Launcher Type: SUN_STANDARD

[Global flags]
     intx CICompilerCount                          = 4                                         {product} {ergonomic}
     uint ConcGCThreads                            = 3                                         {product} {ergonomic}
     uint G1ConcRefinementThreads                  = 10                                        {product} {ergonomic}
   size_t G1HeapRegionSize                         = 1048576                                   {product} {ergonomic}
    uintx GCDrainStackTargetSize                   = 64                                        {product} {ergonomic}
   size_t InitialHeapSize                          = 268435456                                 {product} {ergonomic}
   size_t MarkStackSize                            = 4194304                                   {product} {ergonomic}
   size_t MaxHeapSize                              = 4294967296                                {product} {ergonomic}
   size_t MaxNewSize                               = 2576351232                                {product} {ergonomic}
   size_t MinHeapDeltaBytes                        = 1048576                                   {product} {ergonomic}
    uintx NonNMethodCodeHeapSize                   = 5836300                                {pd product} {ergonomic}
    uintx NonProfiledCodeHeapSize                  = 122910970                              {pd product} {ergonomic}
    uintx ProfiledCodeHeapSize                     = 122910970                              {pd product} {ergonomic}
    uintx ReservedCodeCacheSize                    = 251658240                              {pd product} {ergonomic}
     bool SegmentedCodeCache                       = true                                      {product} {ergonomic}
     bool UseCompressedClassPointers               = true                                 {lp64_product} {ergonomic}
     bool UseCompressedOops                        = true                                 {lp64_product} {ergonomic}
     bool UseG1GC                                  = true                                      {product} {ergonomic}

Logging:
Log output configuration:
 #0: stdout all=warning uptime,level,tags
 #1: stderr all=off uptime,level,tags

Environment Variables:
JAVA_HOME=/Library/Java/JavaVirtualMachines/openjdk-12.0.1.jdk/Contents/Home
PATH=/usr/local/opt/mysql-client/bin:/Users/alexander.gunning/Library/Android/sdk/emulator/emulator:/Users/alexander.gunning/Library/Android/emulator/emulator:/Users/alexander.gunning/Library/Android/emulator:/Users/alexander.gunning/.ghcup/ghc/8.6.5/bin:/Users/alexander.gunning/Library/Android/sdk/platform-tools:/opt/local/bin:/Users/alexander.gunning/Library/Android/sdk/emulator:/Users/alexander.gunning/Library/Android/sdk/tools:/Library/Java/JavaVirtualMachines/openjdk-12.0.1.jdk/Contents/Home/bin:/Users/alexander.gunning/bin:/Users/alexander.gunning/.nvm/versions/node/v10.18.0/bin:/usr/local/bin:/usr/bin:/bin:/usr/sbin:/sbin:/usr/local/MacGPG2/bin
SHELL=/usr/local/bin/fish
OSTYPE=darwin18

Signal Handlers:
SIGSEGV: [libjvm.dylib+0x736342], sa_mask[0]=11111111011111110111111111111111, sa_flags=SA_ONSTACK|SA_RESTART|SA_SIGINFO
SIGBUS: [libjvm.dylib+0x736342], sa_mask[0]=11111111011111110111111111111111, sa_flags=SA_RESTART|SA_SIGINFO
SIGFPE: [libjvm.dylib+0x736342], sa_mask[0]=11111111011111110111111111111111, sa_flags=SA_RESTART|SA_SIGINFO
SIGPIPE: [libjvm.dylib+0x5dddb6], sa_mask[0]=11111111011111110111111111111111, sa_flags=SA_RESTART|SA_SIGINFO
SIGXFSZ: [libjvm.dylib+0x5dddb6], sa_mask[0]=11111111011111110111111111111111, sa_flags=SA_RESTART|SA_SIGINFO
SIGILL: [libjvm.dylib+0x736342], sa_mask[0]=11111111011111110111111111111111, sa_flags=SA_RESTART|SA_SIGINFO
SIGUSR2: [libjvm.dylib+0x5de39b], sa_mask[0]=00100000000000000000000000000000, sa_flags=SA_RESTART|SA_SIGINFO
SIGHUP: [libjvm.dylib+0x5dd05b], sa_mask[0]=11111111011111110111111111111111, sa_flags=SA_RESTART|SA_SIGINFO
SIGINT: [libjvm.dylib+0x5dd05b], sa_mask[0]=11111111011111110111111111111111, sa_flags=SA_RESTART|SA_SIGINFO
SIGTERM: [libjvm.dylib+0x5dd05b], sa_mask[0]=11111111011111110111111111111111, sa_flags=SA_RESTART|SA_SIGINFO
SIGQUIT: [libjvm.dylib+0x5dd05b], sa_mask[0]=11111111011111110111111111111111, sa_flags=SA_RESTART|SA_SIGINFO


---------------  S Y S T E M  ---------------

OS:uname:Darwin 18.5.0 Darwin Kernel Version 18.5.0: Mon Mar 11 20:40:32 PDT 2019; root:xnu-4903.251.3~3/RELEASE_X86_64 x86_64
rlimit: STACK 8192k, CORE 0k, NPROC 1418, NOFILE 10240, AS infinity, DATA infinity, FSIZE infinity
load average:5.43 3.99 3.19

CPU:total 12 (initial active 12) (6 cores per cpu, 2 threads per core) family 6 model 158 stepping 10, cmov, cx8, fxsr, mmx, sse, sse2, sse3, ssse3, sse4.1, sse4.2, popcnt, avx, avx2, aes, clmul, erms, 3dnowpref, lzcnt, ht, tsc, tscinvbit, bmi1, bmi2, adx, fma

Memory: 4k page, physical 16777216k(755588k free)

vm_info: OpenJDK 64-Bit Server VM (12.0.1+12) for bsd-amd64 JRE (12.0.1+12), built on Apr  2 2019 08:16:28 by "mach5one" with gcc 4.2.1 Compatible Apple LLVM 9.1.0 (clang-902.0.39.2)

END.
